[2020-11-04 01:02:39,752] [ERROR] [akka.actor.ActorSystemImpl] [] [Cache-akka.actor.default-dispatcher-14] - Error during processing of request: 'Unexpected character ':' at input index 7 (line 1, position 8), expected end-of-input:
"index":"posts"
       ^
'. Completing with 500 Internal Server Error response. To change default exception handling behavior, provide a custom ExceptionHandler. {akkaAddress=akka://Cache, sourceThread=Cache-akka.actor.default-dispatcher-15, akkaSource=akka.actor.ActorSystemImpl(Cache), sourceActorSystem=Cache, akkaTimestamp=17:02:39.748UTC}
spray.json.JsonParser$ParsingException: Unexpected character ':' at input index 7 (line 1, position 8), expected end-of-input:
"index":"posts"
       ^

	at spray.json.JsonParser.fail(JsonParser.scala:237)
	at spray.json.JsonParser.require(JsonParser.scala:220)
	at spray.json.JsonParser.parseJsValue(JsonParser.scala:53)
	at spray.json.JsonParser.parseJsValue(JsonParser.scala:47)
	at spray.json.JsonParser$.apply(JsonParser.scala:30)
	at com.akuk.dt.cache.ElasticSearchRoutes.$anonfun$cache$15(ElasticSearchRoutes.scala:57)
	at akka.http.scaladsl.server.util.ApplyConverterInstances$$anon$1.$anonfun$apply$1(ApplyConverterInstances.scala:14)
	at akka.http.scaladsl.server.directives.BasicDirectives.$anonfun$tprovide$1(BasicDirectives.scala:145)
	at akka.http.scaladsl.server.Directive$$anon$1.tapply(Directive.scala:132)
	at akka.http.scaladsl.server.Directive.$anonfun$tflatMap$2(Directive.scala:76)
	at akka.http.scaladsl.server.directives.FutureDirectives.$anonfun$onComplete$3(FutureDirectives.scala:37)
	at akka.http.scaladsl.util.FastFuture$.$anonfun$transformWith$1(FastFuture.scala:37)
	at akka.http.scaladsl.util.FastFuture$.strictTransform$1(FastFuture.scala:41)
	at akka.http.scaladsl.util.FastFuture$.transformWith$extension(FastFuture.scala:45)
	at akka.http.scaladsl.util.FastFuture$.transformWith$extension(FastFuture.scala:37)
	at akka.http.scaladsl.server.directives.FutureDirectives.$anonfun$onComplete$2(FutureDirectives.scala:37)
	at akka.http.scaladsl.server.directives.BasicDirectives.$anonfun$textract$2(BasicDirectives.scala:161)
	at akka.http.scaladsl.server.directives.BasicDirectives.$anonfun$mapRouteResult$2(BasicDirectives.scala:68)
	at akka.http.scaladsl.server.directives.BasicDirectives.$anonfun$textract$2(BasicDirectives.scala:161)
	at akka.http.scaladsl.server.RouteConcatenation$RouteWithConcatenation.$anonfun$$tilde$2(RouteConcatenation.scala:47)
	at akka.http.scaladsl.util.FastFuture$.strictTransform$1(FastFuture.scala:41)
	at akka.http.scaladsl.util.FastFuture$.transformWith$extension(FastFuture.scala:45)
	at akka.http.scaladsl.util.FastFuture$.flatMap$extension(FastFuture.scala:26)
	at akka.http.scaladsl.server.RouteConcatenation$RouteWithConcatenation.$anonfun$$tilde$1(RouteConcatenation.scala:44)
	at akka.http.scaladsl.server.directives.BasicDirectives.$anonfun$mapRequestContext$2(BasicDirectives.scala:45)
	at akka.http.scaladsl.server.directives.BasicDirectives.$anonfun$textract$2(BasicDirectives.scala:161)
	at akka.http.scaladsl.server.directives.BasicDirectives.$anonfun$mapRequestContext$2(BasicDirectives.scala:45)
	at akka.http.scaladsl.server.directives.BasicDirectives.$anonfun$textract$2(BasicDirectives.scala:161)
	at akka.http.scaladsl.server.directives.BasicDirectives.$anonfun$mapRouteResultWith$2(BasicDirectives.scala:74)
	at akka.http.scaladsl.server.directives.BasicDirectives.$anonfun$textract$2(BasicDirectives.scala:161)
	at akka.http.scaladsl.server.directives.ExecutionDirectives.$anonfun$handleExceptions$2(ExecutionDirectives.scala:32)
	at akka.http.scaladsl.server.directives.BasicDirectives.$anonfun$textract$2(BasicDirectives.scala:161)
	at akka.http.scaladsl.server.Route$.$anonfun$asyncHandler$1(Route.scala:86)
	at akka.stream.impl.fusing.MapAsyncUnordered$$anon$31.onPush(Ops.scala:1400)
	at akka.stream.impl.fusing.GraphInterpreter.processPush(GraphInterpreter.scala:541)
	at akka.stream.impl.fusing.GraphInterpreter.execute(GraphInterpreter.scala:423)
	at akka.stream.impl.fusing.GraphInterpreterShell.runBatch(ActorGraphInterpreter.scala:625)
	at akka.stream.impl.fusing.GraphInterpreterShell$AsyncInput.execute(ActorGraphInterpreter.scala:502)
	at akka.stream.impl.fusing.GraphInterpreterShell.processEvent(ActorGraphInterpreter.scala:600)
	at akka.stream.impl.fusing.ActorGraphInterpreter.akka$stream$impl$fusing$ActorGraphInterpreter$$processEvent(ActorGraphInterpreter.scala:769)
	at akka.stream.impl.fusing.ActorGraphInterpreter$$anonfun$receive$1.applyOrElse(ActorGraphInterpreter.scala:784)
	at akka.actor.Actor.aroundReceive(Actor.scala:537)
	at akka.actor.Actor.aroundReceive$(Actor.scala:535)
	at akka.stream.impl.fusing.ActorGraphInterpreter.aroundReceive(ActorGraphInterpreter.scala:691)
	at akka.actor.ActorCell.receiveMessage(ActorCell.scala:577)
	at akka.actor.ActorCell.invoke(ActorCell.scala:547)
	at akka.dispatch.Mailbox.processMailbox(Mailbox.scala:270)
	at akka.dispatch.Mailbox.run(Mailbox.scala:231)
	at akka.dispatch.Mailbox.exec(Mailbox.scala:243)
	at java.util.concurrent.ForkJoinTask.doExec(ForkJoinTask.java:289)
	at java.util.concurrent.ForkJoinPool$WorkQueue.runTask(ForkJoinPool.java:1056)
	at java.util.concurrent.ForkJoinPool.runWorker(ForkJoinPool.java:1692)
	at java.util.concurrent.ForkJoinWorkerThread.run(ForkJoinWorkerThread.java:157)
[2020-11-04 01:02:39,760] [ERROR] [akka.actor.ActorSystemImpl] [] [Cache-akka.actor.default-dispatcher-14] - Error during processing of request: 'Unexpected character ':' at input index 9 (line 1, position 10), expected end-of-input:
 "esType":"_doc"
         ^
'. Completing with 500 Internal Server Error response. To change default exception handling behavior, provide a custom ExceptionHandler. {akkaAddress=akka://Cache, sourceThread=Cache-akka.actor.default-dispatcher-15, akkaSource=akka.actor.ActorSystemImpl(Cache), sourceActorSystem=Cache, akkaTimestamp=17:02:39.756UTC}
spray.json.JsonParser$ParsingException: Unexpected character ':' at input index 9 (line 1, position 10), expected end-of-input:
 "esType":"_doc"
         ^

	at spray.json.JsonParser.fail(JsonParser.scala:237)
	at spray.json.JsonParser.require(JsonParser.scala:220)
	at spray.json.JsonParser.parseJsValue(JsonParser.scala:53)
	at spray.json.JsonParser.parseJsValue(JsonParser.scala:47)
	at spray.json.JsonParser$.apply(JsonParser.scala:30)
	at com.akuk.dt.cache.ElasticSearchRoutes.$anonfun$cache$15(ElasticSearchRoutes.scala:57)
	at akka.http.scaladsl.server.util.ApplyConverterInstances$$anon$1.$anonfun$apply$1(ApplyConverterInstances.scala:14)
	at akka.http.scaladsl.server.directives.BasicDirectives.$anonfun$tprovide$1(BasicDirectives.scala:145)
	at akka.http.scaladsl.server.Directive$$anon$1.tapply(Directive.scala:132)
	at akka.http.scaladsl.server.Directive.$anonfun$tflatMap$2(Directive.scala:76)
	at akka.http.scaladsl.server.directives.FutureDirectives.$anonfun$onComplete$3(FutureDirectives.scala:37)
	at akka.http.scaladsl.util.FastFuture$.$anonfun$transformWith$1(FastFuture.scala:37)
	at akka.http.scaladsl.util.FastFuture$.strictTransform$1(FastFuture.scala:41)
	at akka.http.scaladsl.util.FastFuture$.transformWith$extension(FastFuture.scala:45)
	at akka.http.scaladsl.util.FastFuture$.transformWith$extension(FastFuture.scala:37)
	at akka.http.scaladsl.server.directives.FutureDirectives.$anonfun$onComplete$2(FutureDirectives.scala:37)
	at akka.http.scaladsl.server.directives.BasicDirectives.$anonfun$textract$2(BasicDirectives.scala:161)
	at akka.http.scaladsl.server.directives.BasicDirectives.$anonfun$mapRouteResult$2(BasicDirectives.scala:68)
	at akka.http.scaladsl.server.directives.BasicDirectives.$anonfun$textract$2(BasicDirectives.scala:161)
	at akka.http.scaladsl.server.RouteConcatenation$RouteWithConcatenation.$anonfun$$tilde$2(RouteConcatenation.scala:47)
	at akka.http.scaladsl.util.FastFuture$.strictTransform$1(FastFuture.scala:41)
	at akka.http.scaladsl.util.FastFuture$.transformWith$extension(FastFuture.scala:45)
	at akka.http.scaladsl.util.FastFuture$.flatMap$extension(FastFuture.scala:26)
	at akka.http.scaladsl.server.RouteConcatenation$RouteWithConcatenation.$anonfun$$tilde$1(RouteConcatenation.scala:44)
	at akka.http.scaladsl.server.directives.BasicDirectives.$anonfun$mapRequestContext$2(BasicDirectives.scala:45)
	at akka.http.scaladsl.server.directives.BasicDirectives.$anonfun$textract$2(BasicDirectives.scala:161)
	at akka.http.scaladsl.server.directives.BasicDirectives.$anonfun$mapRequestContext$2(BasicDirectives.scala:45)
	at akka.http.scaladsl.server.directives.BasicDirectives.$anonfun$textract$2(BasicDirectives.scala:161)
	at akka.http.scaladsl.server.directives.BasicDirectives.$anonfun$mapRouteResultWith$2(BasicDirectives.scala:74)
	at akka.http.scaladsl.server.directives.BasicDirectives.$anonfun$textract$2(BasicDirectives.scala:161)
	at akka.http.scaladsl.server.directives.ExecutionDirectives.$anonfun$handleExceptions$2(ExecutionDirectives.scala:32)
	at akka.http.scaladsl.server.directives.BasicDirectives.$anonfun$textract$2(BasicDirectives.scala:161)
	at akka.http.scaladsl.server.Route$.$anonfun$asyncHandler$1(Route.scala:86)
	at akka.stream.impl.fusing.MapAsyncUnordered$$anon$31.onPush(Ops.scala:1400)
	at akka.stream.impl.fusing.GraphInterpreter.processPush(GraphInterpreter.scala:541)
	at akka.stream.impl.fusing.GraphInterpreter.execute(GraphInterpreter.scala:423)
	at akka.stream.impl.fusing.GraphInterpreterShell.runBatch(ActorGraphInterpreter.scala:625)
	at akka.stream.impl.fusing.GraphInterpreterShell$AsyncInput.execute(ActorGraphInterpreter.scala:502)
	at akka.stream.impl.fusing.GraphInterpreterShell.processEvent(ActorGraphInterpreter.scala:600)
	at akka.stream.impl.fusing.ActorGraphInterpreter.akka$stream$impl$fusing$ActorGraphInterpreter$$processEvent(ActorGraphInterpreter.scala:769)
	at akka.stream.impl.fusing.ActorGraphInterpreter$$anonfun$receive$1.applyOrElse(ActorGraphInterpreter.scala:784)
	at akka.actor.Actor.aroundReceive(Actor.scala:537)
	at akka.actor.Actor.aroundReceive$(Actor.scala:535)
	at akka.stream.impl.fusing.ActorGraphInterpreter.aroundReceive(ActorGraphInterpreter.scala:691)
	at akka.actor.ActorCell.receiveMessage(ActorCell.scala:577)
	at akka.actor.ActorCell.invoke(ActorCell.scala:547)
	at akka.dispatch.Mailbox.processMailbox(Mailbox.scala:270)
	at akka.dispatch.Mailbox.run(Mailbox.scala:231)
	at akka.dispatch.Mailbox.exec(Mailbox.scala:243)
	at java.util.concurrent.ForkJoinTask.doExec(ForkJoinTask.java:289)
	at java.util.concurrent.ForkJoinPool$WorkQueue.runTask(ForkJoinPool.java:1056)
	at java.util.concurrent.ForkJoinPool.runWorker(ForkJoinPool.java:1692)
	at java.util.concurrent.ForkJoinWorkerThread.run(ForkJoinWorkerThread.java:157)
[2020-11-04 01:02:39,762] [ERROR] [akka.actor.ActorSystemImpl] [] [Cache-akka.actor.default-dispatcher-14] - Error during processing of request: 'Unexpected character ':' at input index 8 (line 1, position 9), expected end-of-input:
 "docId":"1"
        ^
'. Completing with 500 Internal Server Error response. To change default exception handling behavior, provide a custom ExceptionHandler. {akkaAddress=akka://Cache, sourceThread=Cache-akka.actor.default-dispatcher-15, akkaSource=akka.actor.ActorSystemImpl(Cache), sourceActorSystem=Cache, akkaTimestamp=17:02:39.762UTC}
spray.json.JsonParser$ParsingException: Unexpected character ':' at input index 8 (line 1, position 9), expected end-of-input:
 "docId":"1"
        ^

	at spray.json.JsonParser.fail(JsonParser.scala:237)
	at spray.json.JsonParser.require(JsonParser.scala:220)
	at spray.json.JsonParser.parseJsValue(JsonParser.scala:53)
	at spray.json.JsonParser.parseJsValue(JsonParser.scala:47)
	at spray.json.JsonParser$.apply(JsonParser.scala:30)
	at com.akuk.dt.cache.ElasticSearchRoutes.$anonfun$cache$15(ElasticSearchRoutes.scala:57)
	at akka.http.scaladsl.server.util.ApplyConverterInstances$$anon$1.$anonfun$apply$1(ApplyConverterInstances.scala:14)
	at akka.http.scaladsl.server.directives.BasicDirectives.$anonfun$tprovide$1(BasicDirectives.scala:145)
	at akka.http.scaladsl.server.Directive$$anon$1.tapply(Directive.scala:132)
	at akka.http.scaladsl.server.Directive.$anonfun$tflatMap$2(Directive.scala:76)
	at akka.http.scaladsl.server.directives.FutureDirectives.$anonfun$onComplete$3(FutureDirectives.scala:37)
	at akka.http.scaladsl.util.FastFuture$.$anonfun$transformWith$1(FastFuture.scala:37)
	at akka.http.scaladsl.util.FastFuture$.strictTransform$1(FastFuture.scala:41)
	at akka.http.scaladsl.util.FastFuture$.transformWith$extension(FastFuture.scala:45)
	at akka.http.scaladsl.util.FastFuture$.transformWith$extension(FastFuture.scala:37)
	at akka.http.scaladsl.server.directives.FutureDirectives.$anonfun$onComplete$2(FutureDirectives.scala:37)
	at akka.http.scaladsl.server.directives.BasicDirectives.$anonfun$textract$2(BasicDirectives.scala:161)
	at akka.http.scaladsl.server.directives.BasicDirectives.$anonfun$mapRouteResult$2(BasicDirectives.scala:68)
	at akka.http.scaladsl.server.directives.BasicDirectives.$anonfun$textract$2(BasicDirectives.scala:161)
	at akka.http.scaladsl.server.RouteConcatenation$RouteWithConcatenation.$anonfun$$tilde$2(RouteConcatenation.scala:47)
	at akka.http.scaladsl.util.FastFuture$.strictTransform$1(FastFuture.scala:41)
	at akka.http.scaladsl.util.FastFuture$.transformWith$extension(FastFuture.scala:45)
	at akka.http.scaladsl.util.FastFuture$.flatMap$extension(FastFuture.scala:26)
	at akka.http.scaladsl.server.RouteConcatenation$RouteWithConcatenation.$anonfun$$tilde$1(RouteConcatenation.scala:44)
	at akka.http.scaladsl.server.directives.BasicDirectives.$anonfun$mapRequestContext$2(BasicDirectives.scala:45)
	at akka.http.scaladsl.server.directives.BasicDirectives.$anonfun$textract$2(BasicDirectives.scala:161)
	at akka.http.scaladsl.server.directives.BasicDirectives.$anonfun$mapRequestContext$2(BasicDirectives.scala:45)
	at akka.http.scaladsl.server.directives.BasicDirectives.$anonfun$textract$2(BasicDirectives.scala:161)
	at akka.http.scaladsl.server.directives.BasicDirectives.$anonfun$mapRouteResultWith$2(BasicDirectives.scala:74)
	at akka.http.scaladsl.server.directives.BasicDirectives.$anonfun$textract$2(BasicDirectives.scala:161)
	at akka.http.scaladsl.server.directives.ExecutionDirectives.$anonfun$handleExceptions$2(ExecutionDirectives.scala:32)
	at akka.http.scaladsl.server.directives.BasicDirectives.$anonfun$textract$2(BasicDirectives.scala:161)
	at akka.http.scaladsl.server.Route$.$anonfun$asyncHandler$1(Route.scala:86)
	at akka.stream.impl.fusing.MapAsyncUnordered$$anon$31.onPush(Ops.scala:1400)
	at akka.stream.impl.fusing.GraphInterpreter.processPush(GraphInterpreter.scala:541)
	at akka.stream.impl.fusing.GraphInterpreter.execute(GraphInterpreter.scala:423)
	at akka.stream.impl.fusing.GraphInterpreterShell.runBatch(ActorGraphInterpreter.scala:625)
	at akka.stream.impl.fusing.GraphInterpreterShell$AsyncInput.execute(ActorGraphInterpreter.scala:502)
	at akka.stream.impl.fusing.GraphInterpreterShell.processEvent(ActorGraphInterpreter.scala:600)
	at akka.stream.impl.fusing.ActorGraphInterpreter.akka$stream$impl$fusing$ActorGraphInterpreter$$processEvent(ActorGraphInterpreter.scala:769)
	at akka.stream.impl.fusing.ActorGraphInterpreter$$anonfun$receive$1.applyOrElse(ActorGraphInterpreter.scala:784)
	at akka.actor.Actor.aroundReceive(Actor.scala:537)
	at akka.actor.Actor.aroundReceive$(Actor.scala:535)
	at akka.stream.impl.fusing.ActorGraphInterpreter.aroundReceive(ActorGraphInterpreter.scala:691)
	at akka.actor.ActorCell.receiveMessage(ActorCell.scala:577)
	at akka.actor.ActorCell.invoke(ActorCell.scala:547)
	at akka.dispatch.Mailbox.processMailbox(Mailbox.scala:270)
	at akka.dispatch.Mailbox.run(Mailbox.scala:231)
	at akka.dispatch.Mailbox.exec(Mailbox.scala:243)
	at java.util.concurrent.ForkJoinTask.doExec(ForkJoinTask.java:289)
	at java.util.concurrent.ForkJoinPool$WorkQueue.runTask(ForkJoinPool.java:1056)
	at java.util.concurrent.ForkJoinPool.runWorker(ForkJoinPool.java:1692)
	at java.util.concurrent.ForkJoinWorkerThread.run(ForkJoinWorkerThread.java:157)
[2020-11-04 01:02:39,767] [ERROR] [akka.actor.ActorSystemImpl] [] [Cache-akka.actor.default-dispatcher-14] - Error during processing of request: 'Unexpected character ':' at input index 13 (line 1, position 14), expected end-of-input:
 "jsonString":""
             ^
'. Completing with 500 Internal Server Error response. To change default exception handling behavior, provide a custom ExceptionHandler. {akkaAddress=akka://Cache, sourceThread=Cache-akka.actor.default-dispatcher-15, akkaSource=akka.actor.ActorSystemImpl(Cache), sourceActorSystem=Cache, akkaTimestamp=17:02:39.767UTC}
spray.json.JsonParser$ParsingException: Unexpected character ':' at input index 13 (line 1, position 14), expected end-of-input:
 "jsonString":""
             ^

	at spray.json.JsonParser.fail(JsonParser.scala:237)
	at spray.json.JsonParser.require(JsonParser.scala:220)
	at spray.json.JsonParser.parseJsValue(JsonParser.scala:53)
	at spray.json.JsonParser.parseJsValue(JsonParser.scala:47)
	at spray.json.JsonParser$.apply(JsonParser.scala:30)
	at com.akuk.dt.cache.ElasticSearchRoutes.$anonfun$cache$15(ElasticSearchRoutes.scala:57)
	at akka.http.scaladsl.server.util.ApplyConverterInstances$$anon$1.$anonfun$apply$1(ApplyConverterInstances.scala:14)
	at akka.http.scaladsl.server.directives.BasicDirectives.$anonfun$tprovide$1(BasicDirectives.scala:145)
	at akka.http.scaladsl.server.Directive$$anon$1.tapply(Directive.scala:132)
	at akka.http.scaladsl.server.Directive.$anonfun$tflatMap$2(Directive.scala:76)
	at akka.http.scaladsl.server.directives.FutureDirectives.$anonfun$onComplete$3(FutureDirectives.scala:37)
	at akka.http.scaladsl.util.FastFuture$.$anonfun$transformWith$1(FastFuture.scala:37)
	at akka.http.scaladsl.util.FastFuture$.strictTransform$1(FastFuture.scala:41)
	at akka.http.scaladsl.util.FastFuture$.transformWith$extension(FastFuture.scala:45)
	at akka.http.scaladsl.util.FastFuture$.transformWith$extension(FastFuture.scala:37)
	at akka.http.scaladsl.server.directives.FutureDirectives.$anonfun$onComplete$2(FutureDirectives.scala:37)
	at akka.http.scaladsl.server.directives.BasicDirectives.$anonfun$textract$2(BasicDirectives.scala:161)
	at akka.http.scaladsl.server.directives.BasicDirectives.$anonfun$mapRouteResult$2(BasicDirectives.scala:68)
	at akka.http.scaladsl.server.directives.BasicDirectives.$anonfun$textract$2(BasicDirectives.scala:161)
	at akka.http.scaladsl.server.RouteConcatenation$RouteWithConcatenation.$anonfun$$tilde$2(RouteConcatenation.scala:47)
	at akka.http.scaladsl.util.FastFuture$.strictTransform$1(FastFuture.scala:41)
	at akka.http.scaladsl.util.FastFuture$.transformWith$extension(FastFuture.scala:45)
	at akka.http.scaladsl.util.FastFuture$.flatMap$extension(FastFuture.scala:26)
	at akka.http.scaladsl.server.RouteConcatenation$RouteWithConcatenation.$anonfun$$tilde$1(RouteConcatenation.scala:44)
	at akka.http.scaladsl.server.directives.BasicDirectives.$anonfun$mapRequestContext$2(BasicDirectives.scala:45)
	at akka.http.scaladsl.server.directives.BasicDirectives.$anonfun$textract$2(BasicDirectives.scala:161)
	at akka.http.scaladsl.server.directives.BasicDirectives.$anonfun$mapRequestContext$2(BasicDirectives.scala:45)
	at akka.http.scaladsl.server.directives.BasicDirectives.$anonfun$textract$2(BasicDirectives.scala:161)
	at akka.http.scaladsl.server.directives.BasicDirectives.$anonfun$mapRouteResultWith$2(BasicDirectives.scala:74)
	at akka.http.scaladsl.server.directives.BasicDirectives.$anonfun$textract$2(BasicDirectives.scala:161)
	at akka.http.scaladsl.server.directives.ExecutionDirectives.$anonfun$handleExceptions$2(ExecutionDirectives.scala:32)
	at akka.http.scaladsl.server.directives.BasicDirectives.$anonfun$textract$2(BasicDirectives.scala:161)
	at akka.http.scaladsl.server.Route$.$anonfun$asyncHandler$1(Route.scala:86)
	at akka.stream.impl.fusing.MapAsyncUnordered$$anon$31.onPush(Ops.scala:1400)
	at akka.stream.impl.fusing.GraphInterpreter.processPush(GraphInterpreter.scala:541)
	at akka.stream.impl.fusing.GraphInterpreter.execute(GraphInterpreter.scala:423)
	at akka.stream.impl.fusing.GraphInterpreterShell.runBatch(ActorGraphInterpreter.scala:625)
	at akka.stream.impl.fusing.GraphInterpreterShell$AsyncInput.execute(ActorGraphInterpreter.scala:502)
	at akka.stream.impl.fusing.GraphInterpreterShell.processEvent(ActorGraphInterpreter.scala:600)
	at akka.stream.impl.fusing.ActorGraphInterpreter.akka$stream$impl$fusing$ActorGraphInterpreter$$processEvent(ActorGraphInterpreter.scala:769)
	at akka.stream.impl.fusing.ActorGraphInterpreter$$anonfun$receive$1.applyOrElse(ActorGraphInterpreter.scala:784)
	at akka.actor.Actor.aroundReceive(Actor.scala:537)
	at akka.actor.Actor.aroundReceive$(Actor.scala:535)
	at akka.stream.impl.fusing.ActorGraphInterpreter.aroundReceive(ActorGraphInterpreter.scala:691)
	at akka.actor.ActorCell.receiveMessage(ActorCell.scala:577)
	at akka.actor.ActorCell.invoke(ActorCell.scala:547)
	at akka.dispatch.Mailbox.processMailbox(Mailbox.scala:270)
	at akka.dispatch.Mailbox.run(Mailbox.scala:231)
	at akka.dispatch.Mailbox.exec(Mailbox.scala:243)
	at java.util.concurrent.ForkJoinTask.doExec(ForkJoinTask.java:289)
	at java.util.concurrent.ForkJoinPool$WorkQueue.runTask(ForkJoinPool.java:1056)
	at java.util.concurrent.ForkJoinPool.runWorker(ForkJoinPool.java:1692)
	at java.util.concurrent.ForkJoinWorkerThread.run(ForkJoinWorkerThread.java:157)
[2020-11-04 01:02:59,874] [ERROR] [akka.actor.ActorSystemImpl] [] [Cache-akka.actor.default-dispatcher-15] - Error during processing of request: 'Unexpected character ':' at input index 7 (line 1, position 8), expected end-of-input:
"index":"posts"
       ^
'. Completing with 500 Internal Server Error response. To change default exception handling behavior, provide a custom ExceptionHandler. {akkaAddress=akka://Cache, sourceThread=Cache-akka.actor.default-dispatcher-14, akkaSource=akka.actor.ActorSystemImpl(Cache), sourceActorSystem=Cache, akkaTimestamp=17:02:59.873UTC}
spray.json.JsonParser$ParsingException: Unexpected character ':' at input index 7 (line 1, position 8), expected end-of-input:
"index":"posts"
       ^

	at spray.json.JsonParser.fail(JsonParser.scala:237)
	at spray.json.JsonParser.require(JsonParser.scala:220)
	at spray.json.JsonParser.parseJsValue(JsonParser.scala:53)
	at spray.json.JsonParser.parseJsValue(JsonParser.scala:47)
	at spray.json.JsonParser$.apply(JsonParser.scala:30)
	at com.akuk.dt.cache.ElasticSearchRoutes.$anonfun$cache$15(ElasticSearchRoutes.scala:57)
	at akka.http.scaladsl.server.util.ApplyConverterInstances$$anon$1.$anonfun$apply$1(ApplyConverterInstances.scala:14)
	at akka.http.scaladsl.server.directives.BasicDirectives.$anonfun$tprovide$1(BasicDirectives.scala:145)
	at akka.http.scaladsl.server.Directive$$anon$1.tapply(Directive.scala:132)
	at akka.http.scaladsl.server.Directive.$anonfun$tflatMap$2(Directive.scala:76)
	at akka.http.scaladsl.server.directives.FutureDirectives.$anonfun$onComplete$3(FutureDirectives.scala:37)
	at akka.http.scaladsl.util.FastFuture$.$anonfun$transformWith$1(FastFuture.scala:37)
	at akka.http.scaladsl.util.FastFuture$.strictTransform$1(FastFuture.scala:41)
	at akka.http.scaladsl.util.FastFuture$.transformWith$extension(FastFuture.scala:45)
	at akka.http.scaladsl.util.FastFuture$.transformWith$extension(FastFuture.scala:37)
	at akka.http.scaladsl.server.directives.FutureDirectives.$anonfun$onComplete$2(FutureDirectives.scala:37)
	at akka.http.scaladsl.server.directives.BasicDirectives.$anonfun$textract$2(BasicDirectives.scala:161)
	at akka.http.scaladsl.server.directives.BasicDirectives.$anonfun$mapRouteResult$2(BasicDirectives.scala:68)
	at akka.http.scaladsl.server.directives.BasicDirectives.$anonfun$textract$2(BasicDirectives.scala:161)
	at akka.http.scaladsl.server.RouteConcatenation$RouteWithConcatenation.$anonfun$$tilde$2(RouteConcatenation.scala:47)
	at akka.http.scaladsl.util.FastFuture$.strictTransform$1(FastFuture.scala:41)
	at akka.http.scaladsl.util.FastFuture$.transformWith$extension(FastFuture.scala:45)
	at akka.http.scaladsl.util.FastFuture$.flatMap$extension(FastFuture.scala:26)
	at akka.http.scaladsl.server.RouteConcatenation$RouteWithConcatenation.$anonfun$$tilde$1(RouteConcatenation.scala:44)
	at akka.http.scaladsl.server.directives.BasicDirectives.$anonfun$mapRequestContext$2(BasicDirectives.scala:45)
	at akka.http.scaladsl.server.directives.BasicDirectives.$anonfun$textract$2(BasicDirectives.scala:161)
	at akka.http.scaladsl.server.directives.BasicDirectives.$anonfun$mapRequestContext$2(BasicDirectives.scala:45)
	at akka.http.scaladsl.server.directives.BasicDirectives.$anonfun$textract$2(BasicDirectives.scala:161)
	at akka.http.scaladsl.server.directives.BasicDirectives.$anonfun$mapRouteResultWith$2(BasicDirectives.scala:74)
	at akka.http.scaladsl.server.directives.BasicDirectives.$anonfun$textract$2(BasicDirectives.scala:161)
	at akka.http.scaladsl.server.directives.ExecutionDirectives.$anonfun$handleExceptions$2(ExecutionDirectives.scala:32)
	at akka.http.scaladsl.server.directives.BasicDirectives.$anonfun$textract$2(BasicDirectives.scala:161)
	at akka.http.scaladsl.server.Route$.$anonfun$asyncHandler$1(Route.scala:86)
	at akka.stream.impl.fusing.MapAsyncUnordered$$anon$31.onPush(Ops.scala:1400)
	at akka.stream.impl.fusing.GraphInterpreter.processPush(GraphInterpreter.scala:541)
	at akka.stream.impl.fusing.GraphInterpreter.execute(GraphInterpreter.scala:423)
	at akka.stream.impl.fusing.GraphInterpreterShell.runBatch(ActorGraphInterpreter.scala:625)
	at akka.stream.impl.fusing.GraphInterpreterShell$AsyncInput.execute(ActorGraphInterpreter.scala:502)
	at akka.stream.impl.fusing.GraphInterpreterShell.processEvent(ActorGraphInterpreter.scala:600)
	at akka.stream.impl.fusing.ActorGraphInterpreter.akka$stream$impl$fusing$ActorGraphInterpreter$$processEvent(ActorGraphInterpreter.scala:769)
	at akka.stream.impl.fusing.ActorGraphInterpreter$$anonfun$receive$1.applyOrElse(ActorGraphInterpreter.scala:784)
	at akka.actor.Actor.aroundReceive(Actor.scala:537)
	at akka.actor.Actor.aroundReceive$(Actor.scala:535)
	at akka.stream.impl.fusing.ActorGraphInterpreter.aroundReceive(ActorGraphInterpreter.scala:691)
	at akka.actor.ActorCell.receiveMessage(ActorCell.scala:577)
	at akka.actor.ActorCell.invoke(ActorCell.scala:547)
	at akka.dispatch.Mailbox.processMailbox(Mailbox.scala:270)
	at akka.dispatch.Mailbox.run(Mailbox.scala:231)
	at akka.dispatch.Mailbox.exec(Mailbox.scala:243)
	at java.util.concurrent.ForkJoinTask.doExec(ForkJoinTask.java:289)
	at java.util.concurrent.ForkJoinPool$WorkQueue.runTask(ForkJoinPool.java:1056)
	at java.util.concurrent.ForkJoinPool.runWorker(ForkJoinPool.java:1692)
	at java.util.concurrent.ForkJoinWorkerThread.run(ForkJoinWorkerThread.java:157)
[2020-11-04 01:02:59,881] [ERROR] [akka.actor.ActorSystemImpl] [] [Cache-akka.actor.default-dispatcher-15] - Error during processing of request: 'Unexpected character ':' at input index 9 (line 1, position 10), expected end-of-input:
 "esType":"_doc"
         ^
'. Completing with 500 Internal Server Error response. To change default exception handling behavior, provide a custom ExceptionHandler. {akkaAddress=akka://Cache, sourceThread=Cache-akka.actor.default-dispatcher-14, akkaSource=akka.actor.ActorSystemImpl(Cache), sourceActorSystem=Cache, akkaTimestamp=17:02:59.880UTC}
spray.json.JsonParser$ParsingException: Unexpected character ':' at input index 9 (line 1, position 10), expected end-of-input:
 "esType":"_doc"
         ^

	at spray.json.JsonParser.fail(JsonParser.scala:237)
	at spray.json.JsonParser.require(JsonParser.scala:220)
	at spray.json.JsonParser.parseJsValue(JsonParser.scala:53)
	at spray.json.JsonParser.parseJsValue(JsonParser.scala:47)
	at spray.json.JsonParser$.apply(JsonParser.scala:30)
	at com.akuk.dt.cache.ElasticSearchRoutes.$anonfun$cache$15(ElasticSearchRoutes.scala:57)
	at akka.http.scaladsl.server.util.ApplyConverterInstances$$anon$1.$anonfun$apply$1(ApplyConverterInstances.scala:14)
	at akka.http.scaladsl.server.directives.BasicDirectives.$anonfun$tprovide$1(BasicDirectives.scala:145)
	at akka.http.scaladsl.server.Directive$$anon$1.tapply(Directive.scala:132)
	at akka.http.scaladsl.server.Directive.$anonfun$tflatMap$2(Directive.scala:76)
	at akka.http.scaladsl.server.directives.FutureDirectives.$anonfun$onComplete$3(FutureDirectives.scala:37)
	at akka.http.scaladsl.util.FastFuture$.$anonfun$transformWith$1(FastFuture.scala:37)
	at akka.http.scaladsl.util.FastFuture$.strictTransform$1(FastFuture.scala:41)
	at akka.http.scaladsl.util.FastFuture$.transformWith$extension(FastFuture.scala:45)
	at akka.http.scaladsl.util.FastFuture$.transformWith$extension(FastFuture.scala:37)
	at akka.http.scaladsl.server.directives.FutureDirectives.$anonfun$onComplete$2(FutureDirectives.scala:37)
	at akka.http.scaladsl.server.directives.BasicDirectives.$anonfun$textract$2(BasicDirectives.scala:161)
	at akka.http.scaladsl.server.directives.BasicDirectives.$anonfun$mapRouteResult$2(BasicDirectives.scala:68)
	at akka.http.scaladsl.server.directives.BasicDirectives.$anonfun$textract$2(BasicDirectives.scala:161)
	at akka.http.scaladsl.server.RouteConcatenation$RouteWithConcatenation.$anonfun$$tilde$2(RouteConcatenation.scala:47)
	at akka.http.scaladsl.util.FastFuture$.strictTransform$1(FastFuture.scala:41)
	at akka.http.scaladsl.util.FastFuture$.transformWith$extension(FastFuture.scala:45)
	at akka.http.scaladsl.util.FastFuture$.flatMap$extension(FastFuture.scala:26)
	at akka.http.scaladsl.server.RouteConcatenation$RouteWithConcatenation.$anonfun$$tilde$1(RouteConcatenation.scala:44)
	at akka.http.scaladsl.server.directives.BasicDirectives.$anonfun$mapRequestContext$2(BasicDirectives.scala:45)
	at akka.http.scaladsl.server.directives.BasicDirectives.$anonfun$textract$2(BasicDirectives.scala:161)
	at akka.http.scaladsl.server.directives.BasicDirectives.$anonfun$mapRequestContext$2(BasicDirectives.scala:45)
	at akka.http.scaladsl.server.directives.BasicDirectives.$anonfun$textract$2(BasicDirectives.scala:161)
	at akka.http.scaladsl.server.directives.BasicDirectives.$anonfun$mapRouteResultWith$2(BasicDirectives.scala:74)
	at akka.http.scaladsl.server.directives.BasicDirectives.$anonfun$textract$2(BasicDirectives.scala:161)
	at akka.http.scaladsl.server.directives.ExecutionDirectives.$anonfun$handleExceptions$2(ExecutionDirectives.scala:32)
	at akka.http.scaladsl.server.directives.BasicDirectives.$anonfun$textract$2(BasicDirectives.scala:161)
	at akka.http.scaladsl.server.Route$.$anonfun$asyncHandler$1(Route.scala:86)
	at akka.stream.impl.fusing.MapAsyncUnordered$$anon$31.onPush(Ops.scala:1400)
	at akka.stream.impl.fusing.GraphInterpreter.processPush(GraphInterpreter.scala:541)
	at akka.stream.impl.fusing.GraphInterpreter.execute(GraphInterpreter.scala:423)
	at akka.stream.impl.fusing.GraphInterpreterShell.runBatch(ActorGraphInterpreter.scala:625)
	at akka.stream.impl.fusing.GraphInterpreterShell$AsyncInput.execute(ActorGraphInterpreter.scala:502)
	at akka.stream.impl.fusing.GraphInterpreterShell.processEvent(ActorGraphInterpreter.scala:600)
	at akka.stream.impl.fusing.ActorGraphInterpreter.akka$stream$impl$fusing$ActorGraphInterpreter$$processEvent(ActorGraphInterpreter.scala:769)
	at akka.stream.impl.fusing.ActorGraphInterpreter$$anonfun$receive$1.applyOrElse(ActorGraphInterpreter.scala:784)
	at akka.actor.Actor.aroundReceive(Actor.scala:537)
	at akka.actor.Actor.aroundReceive$(Actor.scala:535)
	at akka.stream.impl.fusing.ActorGraphInterpreter.aroundReceive(ActorGraphInterpreter.scala:691)
	at akka.actor.ActorCell.receiveMessage(ActorCell.scala:577)
	at akka.actor.ActorCell.invoke(ActorCell.scala:547)
	at akka.dispatch.Mailbox.processMailbox(Mailbox.scala:270)
	at akka.dispatch.Mailbox.run(Mailbox.scala:231)
	at akka.dispatch.Mailbox.exec(Mailbox.scala:243)
	at java.util.concurrent.ForkJoinTask.doExec(ForkJoinTask.java:289)
	at java.util.concurrent.ForkJoinPool$WorkQueue.runTask(ForkJoinPool.java:1056)
	at java.util.concurrent.ForkJoinPool.runWorker(ForkJoinPool.java:1692)
	at java.util.concurrent.ForkJoinWorkerThread.run(ForkJoinWorkerThread.java:157)
[2020-11-04 01:02:59,886] [ERROR] [akka.actor.ActorSystemImpl] [] [Cache-akka.actor.default-dispatcher-14] - Error during processing of request: 'Unexpected character ':' at input index 8 (line 1, position 9), expected end-of-input:
 "docId":"1"
        ^
'. Completing with 500 Internal Server Error response. To change default exception handling behavior, provide a custom ExceptionHandler. {akkaAddress=akka://Cache, sourceThread=Cache-akka.actor.default-dispatcher-15, akkaSource=akka.actor.ActorSystemImpl(Cache), sourceActorSystem=Cache, akkaTimestamp=17:02:59.885UTC}
spray.json.JsonParser$ParsingException: Unexpected character ':' at input index 8 (line 1, position 9), expected end-of-input:
 "docId":"1"
        ^

	at spray.json.JsonParser.fail(JsonParser.scala:237)
	at spray.json.JsonParser.require(JsonParser.scala:220)
	at spray.json.JsonParser.parseJsValue(JsonParser.scala:53)
	at spray.json.JsonParser.parseJsValue(JsonParser.scala:47)
	at spray.json.JsonParser$.apply(JsonParser.scala:30)
	at com.akuk.dt.cache.ElasticSearchRoutes.$anonfun$cache$15(ElasticSearchRoutes.scala:57)
	at akka.http.scaladsl.server.util.ApplyConverterInstances$$anon$1.$anonfun$apply$1(ApplyConverterInstances.scala:14)
	at akka.http.scaladsl.server.directives.BasicDirectives.$anonfun$tprovide$1(BasicDirectives.scala:145)
	at akka.http.scaladsl.server.Directive$$anon$1.tapply(Directive.scala:132)
	at akka.http.scaladsl.server.Directive.$anonfun$tflatMap$2(Directive.scala:76)
	at akka.http.scaladsl.server.directives.FutureDirectives.$anonfun$onComplete$3(FutureDirectives.scala:37)
	at akka.http.scaladsl.util.FastFuture$.$anonfun$transformWith$1(FastFuture.scala:37)
	at akka.http.scaladsl.util.FastFuture$.strictTransform$1(FastFuture.scala:41)
	at akka.http.scaladsl.util.FastFuture$.transformWith$extension(FastFuture.scala:45)
	at akka.http.scaladsl.util.FastFuture$.transformWith$extension(FastFuture.scala:37)
	at akka.http.scaladsl.server.directives.FutureDirectives.$anonfun$onComplete$2(FutureDirectives.scala:37)
	at akka.http.scaladsl.server.directives.BasicDirectives.$anonfun$textract$2(BasicDirectives.scala:161)
	at akka.http.scaladsl.server.directives.BasicDirectives.$anonfun$mapRouteResult$2(BasicDirectives.scala:68)
	at akka.http.scaladsl.server.directives.BasicDirectives.$anonfun$textract$2(BasicDirectives.scala:161)
	at akka.http.scaladsl.server.RouteConcatenation$RouteWithConcatenation.$anonfun$$tilde$2(RouteConcatenation.scala:47)
	at akka.http.scaladsl.util.FastFuture$.strictTransform$1(FastFuture.scala:41)
	at akka.http.scaladsl.util.FastFuture$.transformWith$extension(FastFuture.scala:45)
	at akka.http.scaladsl.util.FastFuture$.flatMap$extension(FastFuture.scala:26)
	at akka.http.scaladsl.server.RouteConcatenation$RouteWithConcatenation.$anonfun$$tilde$1(RouteConcatenation.scala:44)
	at akka.http.scaladsl.server.directives.BasicDirectives.$anonfun$mapRequestContext$2(BasicDirectives.scala:45)
	at akka.http.scaladsl.server.directives.BasicDirectives.$anonfun$textract$2(BasicDirectives.scala:161)
	at akka.http.scaladsl.server.directives.BasicDirectives.$anonfun$mapRequestContext$2(BasicDirectives.scala:45)
	at akka.http.scaladsl.server.directives.BasicDirectives.$anonfun$textract$2(BasicDirectives.scala:161)
	at akka.http.scaladsl.server.directives.BasicDirectives.$anonfun$mapRouteResultWith$2(BasicDirectives.scala:74)
	at akka.http.scaladsl.server.directives.BasicDirectives.$anonfun$textract$2(BasicDirectives.scala:161)
	at akka.http.scaladsl.server.directives.ExecutionDirectives.$anonfun$handleExceptions$2(ExecutionDirectives.scala:32)
	at akka.http.scaladsl.server.directives.BasicDirectives.$anonfun$textract$2(BasicDirectives.scala:161)
	at akka.http.scaladsl.server.Route$.$anonfun$asyncHandler$1(Route.scala:86)
	at akka.stream.impl.fusing.MapAsyncUnordered$$anon$31.onPush(Ops.scala:1400)
	at akka.stream.impl.fusing.GraphInterpreter.processPush(GraphInterpreter.scala:541)
	at akka.stream.impl.fusing.GraphInterpreter.execute(GraphInterpreter.scala:423)
	at akka.stream.impl.fusing.GraphInterpreterShell.runBatch(ActorGraphInterpreter.scala:625)
	at akka.stream.impl.fusing.GraphInterpreterShell$AsyncInput.execute(ActorGraphInterpreter.scala:502)
	at akka.stream.impl.fusing.GraphInterpreterShell.processEvent(ActorGraphInterpreter.scala:600)
	at akka.stream.impl.fusing.ActorGraphInterpreter.akka$stream$impl$fusing$ActorGraphInterpreter$$processEvent(ActorGraphInterpreter.scala:769)
	at akka.stream.impl.fusing.ActorGraphInterpreter$$anonfun$receive$1.applyOrElse(ActorGraphInterpreter.scala:784)
	at akka.actor.Actor.aroundReceive(Actor.scala:537)
	at akka.actor.Actor.aroundReceive$(Actor.scala:535)
	at akka.stream.impl.fusing.ActorGraphInterpreter.aroundReceive(ActorGraphInterpreter.scala:691)
	at akka.actor.ActorCell.receiveMessage(ActorCell.scala:577)
	at akka.actor.ActorCell.invoke(ActorCell.scala:547)
	at akka.dispatch.Mailbox.processMailbox(Mailbox.scala:270)
	at akka.dispatch.Mailbox.run(Mailbox.scala:231)
	at akka.dispatch.Mailbox.exec(Mailbox.scala:243)
	at java.util.concurrent.ForkJoinTask.doExec(ForkJoinTask.java:289)
	at java.util.concurrent.ForkJoinPool$WorkQueue.runTask(ForkJoinPool.java:1056)
	at java.util.concurrent.ForkJoinPool.runWorker(ForkJoinPool.java:1692)
	at java.util.concurrent.ForkJoinWorkerThread.run(ForkJoinWorkerThread.java:157)
[2020-11-04 01:02:59,892] [ERROR] [akka.actor.ActorSystemImpl] [] [Cache-akka.actor.default-dispatcher-14] - Error during processing of request: 'Unexpected character ':' at input index 13 (line 1, position 14), expected end-of-input:
 "jsonString":""
             ^
'. Completing with 500 Internal Server Error response. To change default exception handling behavior, provide a custom ExceptionHandler. {akkaAddress=akka://Cache, sourceThread=Cache-akka.actor.default-dispatcher-15, akkaSource=akka.actor.ActorSystemImpl(Cache), sourceActorSystem=Cache, akkaTimestamp=17:02:59.891UTC}
spray.json.JsonParser$ParsingException: Unexpected character ':' at input index 13 (line 1, position 14), expected end-of-input:
 "jsonString":""
             ^

	at spray.json.JsonParser.fail(JsonParser.scala:237)
	at spray.json.JsonParser.require(JsonParser.scala:220)
	at spray.json.JsonParser.parseJsValue(JsonParser.scala:53)
	at spray.json.JsonParser.parseJsValue(JsonParser.scala:47)
	at spray.json.JsonParser$.apply(JsonParser.scala:30)
	at com.akuk.dt.cache.ElasticSearchRoutes.$anonfun$cache$15(ElasticSearchRoutes.scala:57)
	at akka.http.scaladsl.server.util.ApplyConverterInstances$$anon$1.$anonfun$apply$1(ApplyConverterInstances.scala:14)
	at akka.http.scaladsl.server.directives.BasicDirectives.$anonfun$tprovide$1(BasicDirectives.scala:145)
	at akka.http.scaladsl.server.Directive$$anon$1.tapply(Directive.scala:132)
	at akka.http.scaladsl.server.Directive.$anonfun$tflatMap$2(Directive.scala:76)
	at akka.http.scaladsl.server.directives.FutureDirectives.$anonfun$onComplete$3(FutureDirectives.scala:37)
	at akka.http.scaladsl.util.FastFuture$.$anonfun$transformWith$1(FastFuture.scala:37)
	at akka.http.scaladsl.util.FastFuture$.strictTransform$1(FastFuture.scala:41)
	at akka.http.scaladsl.util.FastFuture$.transformWith$extension(FastFuture.scala:45)
	at akka.http.scaladsl.util.FastFuture$.transformWith$extension(FastFuture.scala:37)
	at akka.http.scaladsl.server.directives.FutureDirectives.$anonfun$onComplete$2(FutureDirectives.scala:37)
	at akka.http.scaladsl.server.directives.BasicDirectives.$anonfun$textract$2(BasicDirectives.scala:161)
	at akka.http.scaladsl.server.directives.BasicDirectives.$anonfun$mapRouteResult$2(BasicDirectives.scala:68)
	at akka.http.scaladsl.server.directives.BasicDirectives.$anonfun$textract$2(BasicDirectives.scala:161)
	at akka.http.scaladsl.server.RouteConcatenation$RouteWithConcatenation.$anonfun$$tilde$2(RouteConcatenation.scala:47)
	at akka.http.scaladsl.util.FastFuture$.strictTransform$1(FastFuture.scala:41)
	at akka.http.scaladsl.util.FastFuture$.transformWith$extension(FastFuture.scala:45)
	at akka.http.scaladsl.util.FastFuture$.flatMap$extension(FastFuture.scala:26)
	at akka.http.scaladsl.server.RouteConcatenation$RouteWithConcatenation.$anonfun$$tilde$1(RouteConcatenation.scala:44)
	at akka.http.scaladsl.server.directives.BasicDirectives.$anonfun$mapRequestContext$2(BasicDirectives.scala:45)
	at akka.http.scaladsl.server.directives.BasicDirectives.$anonfun$textract$2(BasicDirectives.scala:161)
	at akka.http.scaladsl.server.directives.BasicDirectives.$anonfun$mapRequestContext$2(BasicDirectives.scala:45)
	at akka.http.scaladsl.server.directives.BasicDirectives.$anonfun$textract$2(BasicDirectives.scala:161)
	at akka.http.scaladsl.server.directives.BasicDirectives.$anonfun$mapRouteResultWith$2(BasicDirectives.scala:74)
	at akka.http.scaladsl.server.directives.BasicDirectives.$anonfun$textract$2(BasicDirectives.scala:161)
	at akka.http.scaladsl.server.directives.ExecutionDirectives.$anonfun$handleExceptions$2(ExecutionDirectives.scala:32)
	at akka.http.scaladsl.server.directives.BasicDirectives.$anonfun$textract$2(BasicDirectives.scala:161)
	at akka.http.scaladsl.server.Route$.$anonfun$asyncHandler$1(Route.scala:86)
	at akka.stream.impl.fusing.MapAsyncUnordered$$anon$31.onPush(Ops.scala:1400)
	at akka.stream.impl.fusing.GraphInterpreter.processPush(GraphInterpreter.scala:541)
	at akka.stream.impl.fusing.GraphInterpreter.execute(GraphInterpreter.scala:423)
	at akka.stream.impl.fusing.GraphInterpreterShell.runBatch(ActorGraphInterpreter.scala:625)
	at akka.stream.impl.fusing.GraphInterpreterShell$AsyncInput.execute(ActorGraphInterpreter.scala:502)
	at akka.stream.impl.fusing.GraphInterpreterShell.processEvent(ActorGraphInterpreter.scala:600)
	at akka.stream.impl.fusing.ActorGraphInterpreter.akka$stream$impl$fusing$ActorGraphInterpreter$$processEvent(ActorGraphInterpreter.scala:769)
	at akka.stream.impl.fusing.ActorGraphInterpreter$$anonfun$receive$1.applyOrElse(ActorGraphInterpreter.scala:784)
	at akka.actor.Actor.aroundReceive(Actor.scala:537)
	at akka.actor.Actor.aroundReceive$(Actor.scala:535)
	at akka.stream.impl.fusing.ActorGraphInterpreter.aroundReceive(ActorGraphInterpreter.scala:691)
	at akka.actor.ActorCell.receiveMessage(ActorCell.scala:577)
	at akka.actor.ActorCell.invoke(ActorCell.scala:547)
	at akka.dispatch.Mailbox.processMailbox(Mailbox.scala:270)
	at akka.dispatch.Mailbox.run(Mailbox.scala:231)
	at akka.dispatch.Mailbox.exec(Mailbox.scala:243)
	at java.util.concurrent.ForkJoinTask.doExec(ForkJoinTask.java:289)
	at java.util.concurrent.ForkJoinPool$WorkQueue.runTask(ForkJoinPool.java:1056)
	at java.util.concurrent.ForkJoinPool.runWorker(ForkJoinPool.java:1692)
	at java.util.concurrent.ForkJoinWorkerThread.run(ForkJoinWorkerThread.java:157)
[2020-11-04 01:07:47,224] [ERROR] [akka.actor.ActorSystemImpl] [] [Cache-akka.actor.default-dispatcher-25] - Error during processing of request: 'Unexpected character 'i' at input index 1 (line 1, position 2), expected '"':
{index:posts,
 ^
'. Completing with 500 Internal Server Error response. To change default exception handling behavior, provide a custom ExceptionHandler. {akkaAddress=akka://Cache, sourceThread=Cache-akka.actor.default-dispatcher-24, akkaSource=akka.actor.ActorSystemImpl(Cache), sourceActorSystem=Cache, akkaTimestamp=17:07:47.223UTC}
spray.json.JsonParser$ParsingException: Unexpected character 'i' at input index 1 (line 1, position 2), expected '"':
{index:posts,
 ^

	at spray.json.JsonParser.fail(JsonParser.scala:237)
	at spray.json.JsonParser.string(JsonParser.scala:165)
	at spray.json.JsonParser.members$1(JsonParser.scala:92)
	at spray.json.JsonParser.object(JsonParser.scala:100)
	at spray.json.JsonParser.value(JsonParser.scala:75)
	at spray.json.JsonParser.parseJsValue(JsonParser.scala:51)
	at spray.json.JsonParser.parseJsValue(JsonParser.scala:47)
	at spray.json.JsonParser$.apply(JsonParser.scala:30)
	at com.akuk.dt.cache.ElasticSearchRoutes.$anonfun$cache$15(ElasticSearchRoutes.scala:57)
	at akka.http.scaladsl.server.util.ApplyConverterInstances$$anon$1.$anonfun$apply$1(ApplyConverterInstances.scala:14)
	at akka.http.scaladsl.server.directives.BasicDirectives.$anonfun$tprovide$1(BasicDirectives.scala:145)
	at akka.http.scaladsl.server.Directive$$anon$1.tapply(Directive.scala:132)
	at akka.http.scaladsl.server.Directive.$anonfun$tflatMap$2(Directive.scala:76)
	at akka.http.scaladsl.server.directives.FutureDirectives.$anonfun$onComplete$3(FutureDirectives.scala:37)
	at akka.http.scaladsl.util.FastFuture$.$anonfun$transformWith$1(FastFuture.scala:37)
	at akka.http.scaladsl.util.FastFuture$.strictTransform$1(FastFuture.scala:41)
	at akka.http.scaladsl.util.FastFuture$.transformWith$extension(FastFuture.scala:45)
	at akka.http.scaladsl.util.FastFuture$.transformWith$extension(FastFuture.scala:37)
	at akka.http.scaladsl.server.directives.FutureDirectives.$anonfun$onComplete$2(FutureDirectives.scala:37)
	at akka.http.scaladsl.server.directives.BasicDirectives.$anonfun$textract$2(BasicDirectives.scala:161)
	at akka.http.scaladsl.server.directives.BasicDirectives.$anonfun$mapRouteResult$2(BasicDirectives.scala:68)
	at akka.http.scaladsl.server.directives.BasicDirectives.$anonfun$textract$2(BasicDirectives.scala:161)
	at akka.http.scaladsl.server.RouteConcatenation$RouteWithConcatenation.$anonfun$$tilde$2(RouteConcatenation.scala:47)
	at akka.http.scaladsl.util.FastFuture$.strictTransform$1(FastFuture.scala:41)
	at akka.http.scaladsl.util.FastFuture$.transformWith$extension(FastFuture.scala:45)
	at akka.http.scaladsl.util.FastFuture$.flatMap$extension(FastFuture.scala:26)
	at akka.http.scaladsl.server.RouteConcatenation$RouteWithConcatenation.$anonfun$$tilde$1(RouteConcatenation.scala:44)
	at akka.http.scaladsl.server.directives.BasicDirectives.$anonfun$mapRequestContext$2(BasicDirectives.scala:45)
	at akka.http.scaladsl.server.directives.BasicDirectives.$anonfun$textract$2(BasicDirectives.scala:161)
	at akka.http.scaladsl.server.directives.BasicDirectives.$anonfun$mapRequestContext$2(BasicDirectives.scala:45)
	at akka.http.scaladsl.server.directives.BasicDirectives.$anonfun$textract$2(BasicDirectives.scala:161)
	at akka.http.scaladsl.server.directives.BasicDirectives.$anonfun$mapRouteResultWith$2(BasicDirectives.scala:74)
	at akka.http.scaladsl.server.directives.BasicDirectives.$anonfun$textract$2(BasicDirectives.scala:161)
	at akka.http.scaladsl.server.directives.ExecutionDirectives.$anonfun$handleExceptions$2(ExecutionDirectives.scala:32)
	at akka.http.scaladsl.server.directives.BasicDirectives.$anonfun$textract$2(BasicDirectives.scala:161)
	at akka.http.scaladsl.server.Route$.$anonfun$asyncHandler$1(Route.scala:86)
	at akka.stream.impl.fusing.MapAsyncUnordered$$anon$31.onPush(Ops.scala:1400)
	at akka.stream.impl.fusing.GraphInterpreter.processPush(GraphInterpreter.scala:541)
	at akka.stream.impl.fusing.GraphInterpreter.execute(GraphInterpreter.scala:423)
	at akka.stream.impl.fusing.GraphInterpreterShell.runBatch(ActorGraphInterpreter.scala:625)
	at akka.stream.impl.fusing.GraphInterpreterShell$AsyncInput.execute(ActorGraphInterpreter.scala:502)
	at akka.stream.impl.fusing.GraphInterpreterShell.processEvent(ActorGraphInterpreter.scala:600)
	at akka.stream.impl.fusing.ActorGraphInterpreter.akka$stream$impl$fusing$ActorGraphInterpreter$$processEvent(ActorGraphInterpreter.scala:769)
	at akka.stream.impl.fusing.ActorGraphInterpreter$$anonfun$receive$1.applyOrElse(ActorGraphInterpreter.scala:784)
	at akka.actor.Actor.aroundReceive(Actor.scala:537)
	at akka.actor.Actor.aroundReceive$(Actor.scala:535)
	at akka.stream.impl.fusing.ActorGraphInterpreter.aroundReceive(ActorGraphInterpreter.scala:691)
	at akka.actor.ActorCell.receiveMessage(ActorCell.scala:577)
	at akka.actor.ActorCell.invoke(ActorCell.scala:547)
	at akka.dispatch.Mailbox.processMailbox(Mailbox.scala:270)
	at akka.dispatch.Mailbox.run(Mailbox.scala:231)
	at akka.dispatch.Mailbox.exec(Mailbox.scala:243)
	at java.util.concurrent.ForkJoinTask.doExec(ForkJoinTask.java:289)
	at java.util.concurrent.ForkJoinPool$WorkQueue.runTask(ForkJoinPool.java:1056)
	at java.util.concurrent.ForkJoinPool.runWorker(ForkJoinPool.java:1692)
	at java.util.concurrent.ForkJoinWorkerThread.run(ForkJoinWorkerThread.java:157)
[2020-11-04 01:08:08,837] [ERROR] [akka.actor.ActorSystemImpl] [] [Cache-akka.actor.default-dispatcher-26] - Error during processing of request: 'Unexpected character 'i' at input index 1 (line 1, position 2), expected '"':
{index:posts,
 ^
'. Completing with 500 Internal Server Error response. To change default exception handling behavior, provide a custom ExceptionHandler. {akkaAddress=akka://Cache, sourceThread=Cache-akka.actor.default-dispatcher-23, akkaSource=akka.actor.ActorSystemImpl(Cache), sourceActorSystem=Cache, akkaTimestamp=17:08:08.836UTC}
spray.json.JsonParser$ParsingException: Unexpected character 'i' at input index 1 (line 1, position 2), expected '"':
{index:posts,
 ^

	at spray.json.JsonParser.fail(JsonParser.scala:237)
	at spray.json.JsonParser.string(JsonParser.scala:165)
	at spray.json.JsonParser.members$1(JsonParser.scala:92)
	at spray.json.JsonParser.object(JsonParser.scala:100)
	at spray.json.JsonParser.value(JsonParser.scala:75)
	at spray.json.JsonParser.parseJsValue(JsonParser.scala:51)
	at spray.json.JsonParser.parseJsValue(JsonParser.scala:47)
	at spray.json.JsonParser$.apply(JsonParser.scala:30)
	at com.akuk.dt.cache.ElasticSearchRoutes.$anonfun$cache$15(ElasticSearchRoutes.scala:57)
	at akka.http.scaladsl.server.util.ApplyConverterInstances$$anon$1.$anonfun$apply$1(ApplyConverterInstances.scala:14)
	at akka.http.scaladsl.server.directives.BasicDirectives.$anonfun$tprovide$1(BasicDirectives.scala:145)
	at akka.http.scaladsl.server.Directive$$anon$1.tapply(Directive.scala:132)
	at akka.http.scaladsl.server.Directive.$anonfun$tflatMap$2(Directive.scala:76)
	at akka.http.scaladsl.server.directives.FutureDirectives.$anonfun$onComplete$3(FutureDirectives.scala:37)
	at akka.http.scaladsl.util.FastFuture$.$anonfun$transformWith$1(FastFuture.scala:37)
	at akka.http.scaladsl.util.FastFuture$.strictTransform$1(FastFuture.scala:41)
	at akka.http.scaladsl.util.FastFuture$.transformWith$extension(FastFuture.scala:45)
	at akka.http.scaladsl.util.FastFuture$.transformWith$extension(FastFuture.scala:37)
	at akka.http.scaladsl.server.directives.FutureDirectives.$anonfun$onComplete$2(FutureDirectives.scala:37)
	at akka.http.scaladsl.server.directives.BasicDirectives.$anonfun$textract$2(BasicDirectives.scala:161)
	at akka.http.scaladsl.server.directives.BasicDirectives.$anonfun$mapRouteResult$2(BasicDirectives.scala:68)
	at akka.http.scaladsl.server.directives.BasicDirectives.$anonfun$textract$2(BasicDirectives.scala:161)
	at akka.http.scaladsl.server.RouteConcatenation$RouteWithConcatenation.$anonfun$$tilde$2(RouteConcatenation.scala:47)
	at akka.http.scaladsl.util.FastFuture$.strictTransform$1(FastFuture.scala:41)
	at akka.http.scaladsl.util.FastFuture$.transformWith$extension(FastFuture.scala:45)
	at akka.http.scaladsl.util.FastFuture$.flatMap$extension(FastFuture.scala:26)
	at akka.http.scaladsl.server.RouteConcatenation$RouteWithConcatenation.$anonfun$$tilde$1(RouteConcatenation.scala:44)
	at akka.http.scaladsl.server.directives.BasicDirectives.$anonfun$mapRequestContext$2(BasicDirectives.scala:45)
	at akka.http.scaladsl.server.directives.BasicDirectives.$anonfun$textract$2(BasicDirectives.scala:161)
	at akka.http.scaladsl.server.directives.BasicDirectives.$anonfun$mapRequestContext$2(BasicDirectives.scala:45)
	at akka.http.scaladsl.server.directives.BasicDirectives.$anonfun$textract$2(BasicDirectives.scala:161)
	at akka.http.scaladsl.server.directives.BasicDirectives.$anonfun$mapRouteResultWith$2(BasicDirectives.scala:74)
	at akka.http.scaladsl.server.directives.BasicDirectives.$anonfun$textract$2(BasicDirectives.scala:161)
	at akka.http.scaladsl.server.directives.ExecutionDirectives.$anonfun$handleExceptions$2(ExecutionDirectives.scala:32)
	at akka.http.scaladsl.server.directives.BasicDirectives.$anonfun$textract$2(BasicDirectives.scala:161)
	at akka.http.scaladsl.server.Route$.$anonfun$asyncHandler$1(Route.scala:86)
	at akka.stream.impl.fusing.MapAsyncUnordered$$anon$31.onPush(Ops.scala:1400)
	at akka.stream.impl.fusing.GraphInterpreter.processPush(GraphInterpreter.scala:541)
	at akka.stream.impl.fusing.GraphInterpreter.execute(GraphInterpreter.scala:423)
	at akka.stream.impl.fusing.GraphInterpreterShell.runBatch(ActorGraphInterpreter.scala:625)
	at akka.stream.impl.fusing.GraphInterpreterShell$AsyncInput.execute(ActorGraphInterpreter.scala:502)
	at akka.stream.impl.fusing.GraphInterpreterShell.processEvent(ActorGraphInterpreter.scala:600)
	at akka.stream.impl.fusing.ActorGraphInterpreter.akka$stream$impl$fusing$ActorGraphInterpreter$$processEvent(ActorGraphInterpreter.scala:769)
	at akka.stream.impl.fusing.ActorGraphInterpreter$$anonfun$receive$1.applyOrElse(ActorGraphInterpreter.scala:784)
	at akka.actor.Actor.aroundReceive(Actor.scala:537)
	at akka.actor.Actor.aroundReceive$(Actor.scala:535)
	at akka.stream.impl.fusing.ActorGraphInterpreter.aroundReceive(ActorGraphInterpreter.scala:691)
	at akka.actor.ActorCell.receiveMessage(ActorCell.scala:577)
	at akka.actor.ActorCell.invoke(ActorCell.scala:547)
	at akka.dispatch.Mailbox.processMailbox(Mailbox.scala:270)
	at akka.dispatch.Mailbox.run(Mailbox.scala:231)
	at akka.dispatch.Mailbox.exec(Mailbox.scala:243)
	at java.util.concurrent.ForkJoinTask.doExec(ForkJoinTask.java:289)
	at java.util.concurrent.ForkJoinPool$WorkQueue.runTask(ForkJoinPool.java:1056)
	at java.util.concurrent.ForkJoinPool.runWorker(ForkJoinPool.java:1692)
	at java.util.concurrent.ForkJoinWorkerThread.run(ForkJoinWorkerThread.java:157)
[2020-11-04 01:08:14,226] [ERROR] [akka.actor.ActorSystemImpl] [] [Cache-akka.actor.default-dispatcher-26] - Error during processing of request: 'Unexpected character 'i' at input index 1 (line 1, position 2), expected '"':
{index:posts,
 ^
'. Completing with 500 Internal Server Error response. To change default exception handling behavior, provide a custom ExceptionHandler. {akkaAddress=akka://Cache, sourceThread=Cache-akka.actor.default-dispatcher-23, akkaSource=akka.actor.ActorSystemImpl(Cache), sourceActorSystem=Cache, akkaTimestamp=17:08:14.226UTC}
spray.json.JsonParser$ParsingException: Unexpected character 'i' at input index 1 (line 1, position 2), expected '"':
{index:posts,
 ^

	at spray.json.JsonParser.fail(JsonParser.scala:237)
	at spray.json.JsonParser.string(JsonParser.scala:165)
	at spray.json.JsonParser.members$1(JsonParser.scala:92)
	at spray.json.JsonParser.object(JsonParser.scala:100)
	at spray.json.JsonParser.value(JsonParser.scala:75)
	at spray.json.JsonParser.parseJsValue(JsonParser.scala:51)
	at spray.json.JsonParser.parseJsValue(JsonParser.scala:47)
	at spray.json.JsonParser$.apply(JsonParser.scala:30)
	at com.akuk.dt.cache.ElasticSearchRoutes.$anonfun$cache$15(ElasticSearchRoutes.scala:57)
	at akka.http.scaladsl.server.util.ApplyConverterInstances$$anon$1.$anonfun$apply$1(ApplyConverterInstances.scala:14)
	at akka.http.scaladsl.server.directives.BasicDirectives.$anonfun$tprovide$1(BasicDirectives.scala:145)
	at akka.http.scaladsl.server.Directive$$anon$1.tapply(Directive.scala:132)
	at akka.http.scaladsl.server.Directive.$anonfun$tflatMap$2(Directive.scala:76)
	at akka.http.scaladsl.server.directives.FutureDirectives.$anonfun$onComplete$3(FutureDirectives.scala:37)
	at akka.http.scaladsl.util.FastFuture$.$anonfun$transformWith$1(FastFuture.scala:37)
	at akka.http.scaladsl.util.FastFuture$.strictTransform$1(FastFuture.scala:41)
	at akka.http.scaladsl.util.FastFuture$.transformWith$extension(FastFuture.scala:45)
	at akka.http.scaladsl.util.FastFuture$.transformWith$extension(FastFuture.scala:37)
	at akka.http.scaladsl.server.directives.FutureDirectives.$anonfun$onComplete$2(FutureDirectives.scala:37)
	at akka.http.scaladsl.server.directives.BasicDirectives.$anonfun$textract$2(BasicDirectives.scala:161)
	at akka.http.scaladsl.server.directives.BasicDirectives.$anonfun$mapRouteResult$2(BasicDirectives.scala:68)
	at akka.http.scaladsl.server.directives.BasicDirectives.$anonfun$textract$2(BasicDirectives.scala:161)
	at akka.http.scaladsl.server.RouteConcatenation$RouteWithConcatenation.$anonfun$$tilde$2(RouteConcatenation.scala:47)
	at akka.http.scaladsl.util.FastFuture$.strictTransform$1(FastFuture.scala:41)
	at akka.http.scaladsl.util.FastFuture$.transformWith$extension(FastFuture.scala:45)
	at akka.http.scaladsl.util.FastFuture$.flatMap$extension(FastFuture.scala:26)
	at akka.http.scaladsl.server.RouteConcatenation$RouteWithConcatenation.$anonfun$$tilde$1(RouteConcatenation.scala:44)
	at akka.http.scaladsl.server.directives.BasicDirectives.$anonfun$mapRequestContext$2(BasicDirectives.scala:45)
	at akka.http.scaladsl.server.directives.BasicDirectives.$anonfun$textract$2(BasicDirectives.scala:161)
	at akka.http.scaladsl.server.directives.BasicDirectives.$anonfun$mapRequestContext$2(BasicDirectives.scala:45)
	at akka.http.scaladsl.server.directives.BasicDirectives.$anonfun$textract$2(BasicDirectives.scala:161)
	at akka.http.scaladsl.server.directives.BasicDirectives.$anonfun$mapRouteResultWith$2(BasicDirectives.scala:74)
	at akka.http.scaladsl.server.directives.BasicDirectives.$anonfun$textract$2(BasicDirectives.scala:161)
	at akka.http.scaladsl.server.directives.ExecutionDirectives.$anonfun$handleExceptions$2(ExecutionDirectives.scala:32)
	at akka.http.scaladsl.server.directives.BasicDirectives.$anonfun$textract$2(BasicDirectives.scala:161)
	at akka.http.scaladsl.server.Route$.$anonfun$asyncHandler$1(Route.scala:86)
	at akka.stream.impl.fusing.MapAsyncUnordered$$anon$31.onPush(Ops.scala:1400)
	at akka.stream.impl.fusing.GraphInterpreter.processPush(GraphInterpreter.scala:541)
	at akka.stream.impl.fusing.GraphInterpreter.execute(GraphInterpreter.scala:423)
	at akka.stream.impl.fusing.GraphInterpreterShell.runBatch(ActorGraphInterpreter.scala:625)
	at akka.stream.impl.fusing.GraphInterpreterShell$AsyncInput.execute(ActorGraphInterpreter.scala:502)
	at akka.stream.impl.fusing.GraphInterpreterShell.processEvent(ActorGraphInterpreter.scala:600)
	at akka.stream.impl.fusing.ActorGraphInterpreter.akka$stream$impl$fusing$ActorGraphInterpreter$$processEvent(ActorGraphInterpreter.scala:769)
	at akka.stream.impl.fusing.ActorGraphInterpreter$$anonfun$receive$1.applyOrElse(ActorGraphInterpreter.scala:784)
	at akka.actor.Actor.aroundReceive(Actor.scala:537)
	at akka.actor.Actor.aroundReceive$(Actor.scala:535)
	at akka.stream.impl.fusing.ActorGraphInterpreter.aroundReceive(ActorGraphInterpreter.scala:691)
	at akka.actor.ActorCell.receiveMessage(ActorCell.scala:577)
	at akka.actor.ActorCell.invoke(ActorCell.scala:547)
	at akka.dispatch.Mailbox.processMailbox(Mailbox.scala:270)
	at akka.dispatch.Mailbox.run(Mailbox.scala:231)
	at akka.dispatch.Mailbox.exec(Mailbox.scala:243)
	at java.util.concurrent.ForkJoinTask.doExec(ForkJoinTask.java:289)
	at java.util.concurrent.ForkJoinPool$WorkQueue.runTask(ForkJoinPool.java:1056)
	at java.util.concurrent.ForkJoinPool.runWorker(ForkJoinPool.java:1692)
	at java.util.concurrent.ForkJoinWorkerThread.run(ForkJoinWorkerThread.java:157)
[2020-11-04 01:17:10,672] [ERROR] [akka.actor.ActorSystemImpl] [] [Cache-akka.actor.default-dispatcher-14] - Error during processing of request: 'Ask timed out on [Actor[akka://Cache/system/ElasticSearchCache#-1361822831]] after [10000 ms]. Message of type [com.akuk.dt.cache.ElasticSearchCache$GetIndexData]. A typical reason for `AskTimeoutException` is that the recipient actor didn't send a reply.'. Completing with 500 Internal Server Error response. To change default exception handling behavior, provide a custom ExceptionHandler. {akkaAddress=akka://Cache, sourceThread=Cache-akka.actor.default-dispatcher-13, akkaSource=akka.actor.ActorSystemImpl(Cache), sourceActorSystem=Cache, akkaTimestamp=17:17:10.663UTC}
java.util.concurrent.TimeoutException: Ask timed out on [Actor[akka://Cache/system/ElasticSearchCache#-1361822831]] after [10000 ms]. Message of type [com.akuk.dt.cache.ElasticSearchCache$GetIndexData]. A typical reason for `AskTimeoutException` is that the recipient actor didn't send a reply.
	at akka.actor.typed.scaladsl.AskPattern$.$anonfun$onTimeout$1(AskPattern.scala:131)
	at akka.pattern.PromiseActorRef$.$anonfun$apply$1(AskSupport.scala:722)
	at akka.actor.Scheduler$$anon$7.run(Scheduler.scala:476)
	at scala.concurrent.ExecutionContext$parasitic$.execute(ExecutionContext.scala:164)
	at akka.actor.LightArrayRevolverScheduler$TaskHolder.executeTask(LightArrayRevolverScheduler.scala:358)
	at akka.actor.LightArrayRevolverScheduler$$anon$3.executeBucket$1(LightArrayRevolverScheduler.scala:309)
	at akka.actor.LightArrayRevolverScheduler$$anon$3.nextTick(LightArrayRevolverScheduler.scala:313)
	at akka.actor.LightArrayRevolverScheduler$$anon$3.run(LightArrayRevolverScheduler.scala:265)
	at java.lang.Thread.run(Thread.java:748)
[2020-11-04 01:22:34,305] [ERROR] [akka.actor.ActorSystemImpl] [] [Cache-akka.actor.default-dispatcher-23] - Error during processing of request: 'Ask timed out on [Actor[akka://Cache/system/ElasticSearchCache#577878488]] after [10000 ms]. Message of type [com.akuk.dt.cache.ElasticSearchCache$GetIndexData]. A typical reason for `AskTimeoutException` is that the recipient actor didn't send a reply.'. Completing with 500 Internal Server Error response. To change default exception handling behavior, provide a custom ExceptionHandler. {akkaAddress=akka://Cache, sourceThread=Cache-akka.actor.default-dispatcher-19, akkaSource=akka.actor.ActorSystemImpl(Cache), sourceActorSystem=Cache, akkaTimestamp=17:22:34.296UTC}
java.util.concurrent.TimeoutException: Ask timed out on [Actor[akka://Cache/system/ElasticSearchCache#577878488]] after [10000 ms]. Message of type [com.akuk.dt.cache.ElasticSearchCache$GetIndexData]. A typical reason for `AskTimeoutException` is that the recipient actor didn't send a reply.
	at akka.actor.typed.scaladsl.AskPattern$.$anonfun$onTimeout$1(AskPattern.scala:131)
	at akka.pattern.PromiseActorRef$.$anonfun$apply$1(AskSupport.scala:722)
	at akka.actor.Scheduler$$anon$7.run(Scheduler.scala:476)
	at scala.concurrent.ExecutionContext$parasitic$.execute(ExecutionContext.scala:164)
	at akka.actor.LightArrayRevolverScheduler$TaskHolder.executeTask(LightArrayRevolverScheduler.scala:358)
	at akka.actor.LightArrayRevolverScheduler$$anon$3.executeBucket$1(LightArrayRevolverScheduler.scala:309)
	at akka.actor.LightArrayRevolverScheduler$$anon$3.nextTick(LightArrayRevolverScheduler.scala:313)
	at akka.actor.LightArrayRevolverScheduler$$anon$3.run(LightArrayRevolverScheduler.scala:265)
	at java.lang.Thread.run(Thread.java:748)
[2020-11-04 01:23:07,053] [ERROR] [akka.actor.ActorSystemImpl] [] [Cache-akka.actor.default-dispatcher-21] - Error during processing of request: 'Ask timed out on [Actor[akka://Cache/system/ElasticSearchCache#577878488]] after [10000 ms]. Message of type [com.akuk.dt.cache.ElasticSearchCache$GetIndexData]. A typical reason for `AskTimeoutException` is that the recipient actor didn't send a reply.'. Completing with 500 Internal Server Error response. To change default exception handling behavior, provide a custom ExceptionHandler. {akkaAddress=akka://Cache, sourceThread=Cache-akka.actor.default-dispatcher-22, akkaSource=akka.actor.ActorSystemImpl(Cache), sourceActorSystem=Cache, akkaTimestamp=17:23:07.049UTC}
java.util.concurrent.TimeoutException: Ask timed out on [Actor[akka://Cache/system/ElasticSearchCache#577878488]] after [10000 ms]. Message of type [com.akuk.dt.cache.ElasticSearchCache$GetIndexData]. A typical reason for `AskTimeoutException` is that the recipient actor didn't send a reply.
	at akka.actor.typed.scaladsl.AskPattern$.$anonfun$onTimeout$1(AskPattern.scala:131)
	at akka.pattern.PromiseActorRef$.$anonfun$apply$1(AskSupport.scala:722)
	at akka.actor.Scheduler$$anon$7.run(Scheduler.scala:476)
	at scala.concurrent.ExecutionContext$parasitic$.execute(ExecutionContext.scala:164)
	at akka.actor.LightArrayRevolverScheduler$TaskHolder.executeTask(LightArrayRevolverScheduler.scala:358)
	at akka.actor.LightArrayRevolverScheduler$$anon$3.executeBucket$1(LightArrayRevolverScheduler.scala:309)
	at akka.actor.LightArrayRevolverScheduler$$anon$3.nextTick(LightArrayRevolverScheduler.scala:313)
	at akka.actor.LightArrayRevolverScheduler$$anon$3.run(LightArrayRevolverScheduler.scala:265)
	at java.lang.Thread.run(Thread.java:748)
