[2020-11-03 10:32:33,445] [ERROR] [akka.actor.LocalActorRefProvider] [] [Shopping-akka.actor.default-dispatcher-3] - guardian failed, shutting down system {akkaAddress=akka://Shopping, sourceThread=Shopping-akka.actor.internal-dispatcher-4, akkaSource=LocalActorRefProvider, sourceActorSystem=Shopping, akkaTimestamp=02:32:33.436UTC}
com.typesafe.config.ConfigException$Missing: merge of String: 1,system properties,application.conf @ file:/D:/work/idea/designThought/target/scala-2.13/classes/application.conf: 1,reference.conf @ jar:file:/C:/Users/63533/AppData/Local/Coursier/cache/v1/http/maven.aliyun.com/nexus/content/groups/public/com/typesafe/akka/akka-stream_2.13/2.6.8/akka-stream_2.13-2.6.8.jar!/reference.conf: 1,reference.conf @ jar:file:/C:/Users/63533/AppData/Local/Coursier/cache/v1/http/maven.aliyun.com/nexus/content/groups/public/com/typesafe/ssl-config-core_2.13/0.4.1/ssl-config-core_2.13-0.4.1.jar!/reference.conf: 1,reference.conf @ jar:file:/C:/Users/63533/AppData/Local/Coursier/cache/v1/http/maven.aliyun.com/nexus/content/groups/public/com/typesafe/akka/akka-http_2.13/10.1.10/akka-http_2.13-10.1.10.jar!/reference.conf: 1,reference.conf @ jar:file:/C:/Users/63533/AppData/Local/Coursier/cache/v1/http/maven.aliyun.com/nexus/content/groups/public/com/typesafe/akka/akka-http-core_2.13/10.1.10/akka-http-core_2.13-10.1.10.jar!/reference.conf: 1,reference.conf @ jar:file:/C:/Users/63533/AppData/Local/Coursier/cache/v1/http/maven.aliyun.com/nexus/content/groups/public/com/typesafe/akka/akka-actor_2.13/2.6.8/akka-actor_2.13-2.6.8.jar!/reference.conf: 1,reference.conf @ jar:file:/C:/Users/63533/AppData/Local/Coursier/cache/v1/http/maven.aliyun.com/nexus/content/groups/public/com/typesafe/akka/akka-actor-typed_2.13/2.6.8/akka-actor-typed_2.13-2.6.8.jar!/reference.conf: 1,reference.conf @ jar:file:/C:/Users/63533/AppData/Local/Coursier/cache/v1/http/maven.aliyun.com/nexus/content/groups/public/com/typesafe/akka/akka-serialization-jackson_2.13/2.6.8/akka-serialization-jackson_2.13-2.6.8.jar!/reference.conf: 1: No configuration setting found for key 'shopping'
	at com.typesafe.config.impl.SimpleConfig.findKeyOrNull(SimpleConfig.java:156)
	at com.typesafe.config.impl.SimpleConfig.findKey(SimpleConfig.java:149)
	at com.typesafe.config.impl.SimpleConfig.findOrNull(SimpleConfig.java:176)
	at com.typesafe.config.impl.SimpleConfig.find(SimpleConfig.java:188)
	at com.typesafe.config.impl.SimpleConfig.find(SimpleConfig.java:193)
	at com.typesafe.config.impl.SimpleConfig.getDuration(SimpleConfig.java:324)
	at com.akuk.dt.cache.ElasticSearchRoutes.<init>(ElasticSearchRoutes.scala:20)
	at com.akuk.dt.cache.Guardian$.$anonfun$apply$1(Main.scala:38)
	at akka.actor.typed.internal.BehaviorImpl$DeferredBehavior$$anon$1.apply(BehaviorImpl.scala:119)
	at akka.actor.typed.Behavior$.start(Behavior.scala:168)
	at akka.actor.typed.internal.InterceptorImpl$$anon$1.start(InterceptorImpl.scala:50)
	at akka.actor.typed.BehaviorInterceptor.aroundStart(BehaviorInterceptor.scala:55)
	at akka.actor.typed.internal.InterceptorImpl.preStart(InterceptorImpl.scala:73)
	at akka.actor.typed.internal.InterceptorImpl$.$anonfun$apply$1(InterceptorImpl.scala:30)
	at akka.actor.typed.internal.BehaviorImpl$DeferredBehavior$$anon$1.apply(BehaviorImpl.scala:119)
	at akka.actor.typed.Behavior$.start(Behavior.scala:168)
	at akka.actor.typed.Behavior$.interpret(Behavior.scala:275)
	at akka.actor.typed.Behavior$.interpretMessage(Behavior.scala:230)
	at akka.actor.typed.internal.adapter.ActorAdapter.handleMessage(ActorAdapter.scala:129)
	at akka.actor.typed.internal.adapter.ActorAdapter.aroundReceive(ActorAdapter.scala:106)
	at akka.actor.ActorCell.receiveMessage(ActorCell.scala:577)
	at akka.actor.ActorCell.invoke(ActorCell.scala:547)
	at akka.dispatch.Mailbox.processMailbox(Mailbox.scala:270)
	at akka.dispatch.Mailbox.run(Mailbox.scala:231)
	at akka.dispatch.Mailbox.exec(Mailbox.scala:243)
	at java.util.concurrent.ForkJoinTask.doExec(ForkJoinTask.java:289)
	at java.util.concurrent.ForkJoinPool$WorkQueue.runTask(ForkJoinPool.java:1056)
	at java.util.concurrent.ForkJoinPool.runWorker(ForkJoinPool.java:1692)
	at java.util.concurrent.ForkJoinWorkerThread.run(ForkJoinWorkerThread.java:157)
[2020-11-03 10:32:33,461] [ERROR] [akka.actor.OneForOneStrategy] [] [Shopping-akka.actor.default-dispatcher-3] - merge of String: 1,system properties,application.conf @ file:/D:/work/idea/designThought/target/scala-2.13/classes/application.conf: 1,reference.conf @ jar:file:/C:/Users/63533/AppData/Local/Coursier/cache/v1/http/maven.aliyun.com/nexus/content/groups/public/com/typesafe/akka/akka-stream_2.13/2.6.8/akka-stream_2.13-2.6.8.jar!/reference.conf: 1,reference.conf @ jar:file:/C:/Users/63533/AppData/Local/Coursier/cache/v1/http/maven.aliyun.com/nexus/content/groups/public/com/typesafe/ssl-config-core_2.13/0.4.1/ssl-config-core_2.13-0.4.1.jar!/reference.conf: 1,reference.conf @ jar:file:/C:/Users/63533/AppData/Local/Coursier/cache/v1/http/maven.aliyun.com/nexus/content/groups/public/com/typesafe/akka/akka-http_2.13/10.1.10/akka-http_2.13-10.1.10.jar!/reference.conf: 1,reference.conf @ jar:file:/C:/Users/63533/AppData/Local/Coursier/cache/v1/http/maven.aliyun.com/nexus/content/groups/public/com/typesafe/akka/akka-http-core_2.13/10.1.10/akka-http-core_2.13-10.1.10.jar!/reference.conf: 1,reference.conf @ jar:file:/C:/Users/63533/AppData/Local/Coursier/cache/v1/http/maven.aliyun.com/nexus/content/groups/public/com/typesafe/akka/akka-actor_2.13/2.6.8/akka-actor_2.13-2.6.8.jar!/reference.conf: 1,reference.conf @ jar:file:/C:/Users/63533/AppData/Local/Coursier/cache/v1/http/maven.aliyun.com/nexus/content/groups/public/com/typesafe/akka/akka-actor-typed_2.13/2.6.8/akka-actor-typed_2.13-2.6.8.jar!/reference.conf: 1,reference.conf @ jar:file:/C:/Users/63533/AppData/Local/Coursier/cache/v1/http/maven.aliyun.com/nexus/content/groups/public/com/typesafe/akka/akka-serialization-jackson_2.13/2.6.8/akka-serialization-jackson_2.13-2.6.8.jar!/reference.conf: 1: No configuration setting found for key 'shopping' {akkaAddress=akka://Shopping, sourceThread=Shopping-akka.actor.internal-dispatcher-4, akkaSource=akka://Shopping/user, sourceActorSystem=Shopping, akkaTimestamp=02:32:33.439UTC}
com.typesafe.config.ConfigException$Missing: merge of String: 1,system properties,application.conf @ file:/D:/work/idea/designThought/target/scala-2.13/classes/application.conf: 1,reference.conf @ jar:file:/C:/Users/63533/AppData/Local/Coursier/cache/v1/http/maven.aliyun.com/nexus/content/groups/public/com/typesafe/akka/akka-stream_2.13/2.6.8/akka-stream_2.13-2.6.8.jar!/reference.conf: 1,reference.conf @ jar:file:/C:/Users/63533/AppData/Local/Coursier/cache/v1/http/maven.aliyun.com/nexus/content/groups/public/com/typesafe/ssl-config-core_2.13/0.4.1/ssl-config-core_2.13-0.4.1.jar!/reference.conf: 1,reference.conf @ jar:file:/C:/Users/63533/AppData/Local/Coursier/cache/v1/http/maven.aliyun.com/nexus/content/groups/public/com/typesafe/akka/akka-http_2.13/10.1.10/akka-http_2.13-10.1.10.jar!/reference.conf: 1,reference.conf @ jar:file:/C:/Users/63533/AppData/Local/Coursier/cache/v1/http/maven.aliyun.com/nexus/content/groups/public/com/typesafe/akka/akka-http-core_2.13/10.1.10/akka-http-core_2.13-10.1.10.jar!/reference.conf: 1,reference.conf @ jar:file:/C:/Users/63533/AppData/Local/Coursier/cache/v1/http/maven.aliyun.com/nexus/content/groups/public/com/typesafe/akka/akka-actor_2.13/2.6.8/akka-actor_2.13-2.6.8.jar!/reference.conf: 1,reference.conf @ jar:file:/C:/Users/63533/AppData/Local/Coursier/cache/v1/http/maven.aliyun.com/nexus/content/groups/public/com/typesafe/akka/akka-actor-typed_2.13/2.6.8/akka-actor-typed_2.13-2.6.8.jar!/reference.conf: 1,reference.conf @ jar:file:/C:/Users/63533/AppData/Local/Coursier/cache/v1/http/maven.aliyun.com/nexus/content/groups/public/com/typesafe/akka/akka-serialization-jackson_2.13/2.6.8/akka-serialization-jackson_2.13-2.6.8.jar!/reference.conf: 1: No configuration setting found for key 'shopping'
	at com.typesafe.config.impl.SimpleConfig.findKeyOrNull(SimpleConfig.java:156)
	at com.typesafe.config.impl.SimpleConfig.findKey(SimpleConfig.java:149)
	at com.typesafe.config.impl.SimpleConfig.findOrNull(SimpleConfig.java:176)
	at com.typesafe.config.impl.SimpleConfig.find(SimpleConfig.java:188)
	at com.typesafe.config.impl.SimpleConfig.find(SimpleConfig.java:193)
	at com.typesafe.config.impl.SimpleConfig.getDuration(SimpleConfig.java:324)
	at com.akuk.dt.cache.ElasticSearchRoutes.<init>(ElasticSearchRoutes.scala:20)
	at com.akuk.dt.cache.Guardian$.$anonfun$apply$1(Main.scala:38)
	at akka.actor.typed.internal.BehaviorImpl$DeferredBehavior$$anon$1.apply(BehaviorImpl.scala:119)
	at akka.actor.typed.Behavior$.start(Behavior.scala:168)
	at akka.actor.typed.internal.InterceptorImpl$$anon$1.start(InterceptorImpl.scala:50)
	at akka.actor.typed.BehaviorInterceptor.aroundStart(BehaviorInterceptor.scala:55)
	at akka.actor.typed.internal.InterceptorImpl.preStart(InterceptorImpl.scala:73)
	at akka.actor.typed.internal.InterceptorImpl$.$anonfun$apply$1(InterceptorImpl.scala:30)
	at akka.actor.typed.internal.BehaviorImpl$DeferredBehavior$$anon$1.apply(BehaviorImpl.scala:119)
	at akka.actor.typed.Behavior$.start(Behavior.scala:168)
	at akka.actor.typed.Behavior$.interpret(Behavior.scala:275)
	at akka.actor.typed.Behavior$.interpretMessage(Behavior.scala:230)
	at akka.actor.typed.internal.adapter.ActorAdapter.handleMessage(ActorAdapter.scala:129)
	at akka.actor.typed.internal.adapter.ActorAdapter.aroundReceive(ActorAdapter.scala:106)
	at akka.actor.ActorCell.receiveMessage(ActorCell.scala:577)
	at akka.actor.ActorCell.invoke(ActorCell.scala:547)
	at akka.dispatch.Mailbox.processMailbox(Mailbox.scala:270)
	at akka.dispatch.Mailbox.run(Mailbox.scala:231)
	at akka.dispatch.Mailbox.exec(Mailbox.scala:243)
	at java.util.concurrent.ForkJoinTask.doExec(ForkJoinTask.java:289)
	at java.util.concurrent.ForkJoinPool$WorkQueue.runTask(ForkJoinPool.java:1056)
	at java.util.concurrent.ForkJoinPool.runWorker(ForkJoinPool.java:1692)
	at java.util.concurrent.ForkJoinWorkerThread.run(ForkJoinWorkerThread.java:157)
[2020-11-03 10:34:22,663] [ERROR] [akka.actor.LocalActorRefProvider] [] [Cache-akka.actor.default-dispatcher-3] - guardian failed, shutting down system {akkaAddress=akka://Cache, sourceThread=Cache-akka.actor.internal-dispatcher-5, akkaSource=LocalActorRefProvider, sourceActorSystem=Cache, akkaTimestamp=02:34:22.654UTC}
com.typesafe.config.ConfigException$Missing: String: 3: No configuration setting found for key 'cache.askTimeout'
	at com.typesafe.config.impl.SimpleConfig.findKeyOrNull(SimpleConfig.java:156)
	at com.typesafe.config.impl.SimpleConfig.findOrNull(SimpleConfig.java:174)
	at com.typesafe.config.impl.SimpleConfig.findOrNull(SimpleConfig.java:180)
	at com.typesafe.config.impl.SimpleConfig.find(SimpleConfig.java:188)
	at com.typesafe.config.impl.SimpleConfig.find(SimpleConfig.java:193)
	at com.typesafe.config.impl.SimpleConfig.getDuration(SimpleConfig.java:324)
	at com.akuk.dt.cache.ElasticSearchRoutes.<init>(ElasticSearchRoutes.scala:20)
	at com.akuk.dt.cache.Guardian$.$anonfun$apply$1(Main.scala:38)
	at akka.actor.typed.internal.BehaviorImpl$DeferredBehavior$$anon$1.apply(BehaviorImpl.scala:119)
	at akka.actor.typed.Behavior$.start(Behavior.scala:168)
	at akka.actor.typed.internal.InterceptorImpl$$anon$1.start(InterceptorImpl.scala:50)
	at akka.actor.typed.BehaviorInterceptor.aroundStart(BehaviorInterceptor.scala:55)
	at akka.actor.typed.internal.InterceptorImpl.preStart(InterceptorImpl.scala:73)
	at akka.actor.typed.internal.InterceptorImpl$.$anonfun$apply$1(InterceptorImpl.scala:30)
	at akka.actor.typed.internal.BehaviorImpl$DeferredBehavior$$anon$1.apply(BehaviorImpl.scala:119)
	at akka.actor.typed.Behavior$.start(Behavior.scala:168)
	at akka.actor.typed.Behavior$.interpret(Behavior.scala:275)
	at akka.actor.typed.Behavior$.interpretMessage(Behavior.scala:230)
	at akka.actor.typed.internal.adapter.ActorAdapter.handleMessage(ActorAdapter.scala:129)
	at akka.actor.typed.internal.adapter.ActorAdapter.aroundReceive(ActorAdapter.scala:106)
	at akka.actor.ActorCell.receiveMessage(ActorCell.scala:577)
	at akka.actor.ActorCell.invoke(ActorCell.scala:547)
	at akka.dispatch.Mailbox.processMailbox(Mailbox.scala:270)
	at akka.dispatch.Mailbox.run(Mailbox.scala:231)
	at akka.dispatch.Mailbox.exec(Mailbox.scala:243)
	at java.util.concurrent.ForkJoinTask.doExec(ForkJoinTask.java:289)
	at java.util.concurrent.ForkJoinPool$WorkQueue.runTask(ForkJoinPool.java:1056)
	at java.util.concurrent.ForkJoinPool.runWorker(ForkJoinPool.java:1692)
	at java.util.concurrent.ForkJoinWorkerThread.run(ForkJoinWorkerThread.java:157)
[2020-11-03 10:34:22,665] [ERROR] [akka.actor.OneForOneStrategy] [] [Cache-akka.actor.default-dispatcher-3] - String: 3: No configuration setting found for key 'cache.askTimeout' {akkaAddress=akka://Cache, sourceThread=Cache-akka.actor.internal-dispatcher-5, akkaSource=akka://Cache/user, sourceActorSystem=Cache, akkaTimestamp=02:34:22.658UTC}
com.typesafe.config.ConfigException$Missing: String: 3: No configuration setting found for key 'cache.askTimeout'
	at com.typesafe.config.impl.SimpleConfig.findKeyOrNull(SimpleConfig.java:156)
	at com.typesafe.config.impl.SimpleConfig.findOrNull(SimpleConfig.java:174)
	at com.typesafe.config.impl.SimpleConfig.findOrNull(SimpleConfig.java:180)
	at com.typesafe.config.impl.SimpleConfig.find(SimpleConfig.java:188)
	at com.typesafe.config.impl.SimpleConfig.find(SimpleConfig.java:193)
	at com.typesafe.config.impl.SimpleConfig.getDuration(SimpleConfig.java:324)
	at com.akuk.dt.cache.ElasticSearchRoutes.<init>(ElasticSearchRoutes.scala:20)
	at com.akuk.dt.cache.Guardian$.$anonfun$apply$1(Main.scala:38)
	at akka.actor.typed.internal.BehaviorImpl$DeferredBehavior$$anon$1.apply(BehaviorImpl.scala:119)
	at akka.actor.typed.Behavior$.start(Behavior.scala:168)
	at akka.actor.typed.internal.InterceptorImpl$$anon$1.start(InterceptorImpl.scala:50)
	at akka.actor.typed.BehaviorInterceptor.aroundStart(BehaviorInterceptor.scala:55)
	at akka.actor.typed.internal.InterceptorImpl.preStart(InterceptorImpl.scala:73)
	at akka.actor.typed.internal.InterceptorImpl$.$anonfun$apply$1(InterceptorImpl.scala:30)
	at akka.actor.typed.internal.BehaviorImpl$DeferredBehavior$$anon$1.apply(BehaviorImpl.scala:119)
	at akka.actor.typed.Behavior$.start(Behavior.scala:168)
	at akka.actor.typed.Behavior$.interpret(Behavior.scala:275)
	at akka.actor.typed.Behavior$.interpretMessage(Behavior.scala:230)
	at akka.actor.typed.internal.adapter.ActorAdapter.handleMessage(ActorAdapter.scala:129)
	at akka.actor.typed.internal.adapter.ActorAdapter.aroundReceive(ActorAdapter.scala:106)
	at akka.actor.ActorCell.receiveMessage(ActorCell.scala:577)
	at akka.actor.ActorCell.invoke(ActorCell.scala:547)
	at akka.dispatch.Mailbox.processMailbox(Mailbox.scala:270)
	at akka.dispatch.Mailbox.run(Mailbox.scala:231)
	at akka.dispatch.Mailbox.exec(Mailbox.scala:243)
	at java.util.concurrent.ForkJoinTask.doExec(ForkJoinTask.java:289)
	at java.util.concurrent.ForkJoinPool$WorkQueue.runTask(ForkJoinPool.java:1056)
	at java.util.concurrent.ForkJoinPool.runWorker(ForkJoinPool.java:1692)
	at java.util.concurrent.ForkJoinWorkerThread.run(ForkJoinWorkerThread.java:157)
[2020-11-03 16:57:14,309] [ERROR] [com.akuk.dt.cache.zk.ClientActorLock] [] [Cache-akka.actor.default-dispatcher-24] - Exception  {}
java.lang.IllegalArgumentException: Path must start with / character
	at org.apache.zookeeper.common.PathUtils.validatePath(PathUtils.java:51)
	at org.apache.zookeeper.ZooKeeper.exists(ZooKeeper.java:2000)
	at org.apache.zookeeper.ZooKeeper.exists(ZooKeeper.java:2049)
	at com.akuk.dt.cache.zk.ZooKeeperBase.liftedTree1$1(ZooKeeperBase.scala:47)
	at com.akuk.dt.cache.zk.ZooKeeperBase.createRootNode(ZooKeeperBase.scala:46)
	at com.akuk.dt.cache.zk.ClientActorLock.lock(ClientActorLock.scala:18)
	at com.akuk.dt.cache.zk.ZookeeperManager.$anonfun$apply$1(ZookeeperManager.scala:22)
	at akka.actor.typed.internal.BehaviorImpl$ReceiveBehavior.receive(BehaviorImpl.scala:136)
	at akka.actor.typed.Behavior$.interpret(Behavior.scala:274)
	at akka.actor.typed.Behavior$.interpretMessage(Behavior.scala:230)
	at akka.actor.typed.internal.InterceptorImpl$$anon$2.apply(InterceptorImpl.scala:57)
	at akka.actor.typed.internal.SimpleSupervisor.aroundReceive(Supervision.scala:124)
	at akka.actor.typed.internal.InterceptorImpl.receive(InterceptorImpl.scala:85)
	at akka.actor.typed.Behavior$.interpret(Behavior.scala:274)
	at akka.actor.typed.Behavior$.interpretMessage(Behavior.scala:230)
	at akka.actor.typed.internal.adapter.ActorAdapter.handleMessage(ActorAdapter.scala:129)
	at akka.actor.typed.internal.adapter.ActorAdapter.aroundReceive(ActorAdapter.scala:106)
	at akka.actor.ActorCell.receiveMessage(ActorCell.scala:577)
	at akka.actor.ActorCell.invoke(ActorCell.scala:547)
	at akka.dispatch.Mailbox.processMailbox(Mailbox.scala:270)
	at akka.dispatch.Mailbox.run(Mailbox.scala:231)
	at akka.dispatch.Mailbox.exec(Mailbox.scala:243)
	at java.util.concurrent.ForkJoinTask.doExec(ForkJoinTask.java:289)
	at java.util.concurrent.ForkJoinPool$WorkQueue.runTask(ForkJoinPool.java:1056)
	at java.util.concurrent.ForkJoinPool.runWorker(ForkJoinPool.java:1692)
	at java.util.concurrent.ForkJoinWorkerThread.run(ForkJoinWorkerThread.java:157)
[2020-11-03 16:57:14,311] [ERROR] [com.akuk.dt.cache.zk.ClientActorLock] [] [Cache-akka.actor.default-dispatcher-24] - Exception  {}
java.lang.IllegalArgumentException: Path must start with / character
	at org.apache.zookeeper.common.PathUtils.validatePath(PathUtils.java:51)
	at org.apache.zookeeper.ZooKeeper.exists(ZooKeeper.java:2000)
	at org.apache.zookeeper.ZooKeeper.exists(ZooKeeper.java:2049)
	at com.akuk.dt.cache.zk.ClientActorLock.lock(ClientActorLock.scala:22)
	at com.akuk.dt.cache.zk.ZookeeperManager.$anonfun$apply$1(ZookeeperManager.scala:22)
	at akka.actor.typed.internal.BehaviorImpl$ReceiveBehavior.receive(BehaviorImpl.scala:136)
	at akka.actor.typed.Behavior$.interpret(Behavior.scala:274)
	at akka.actor.typed.Behavior$.interpretMessage(Behavior.scala:230)
	at akka.actor.typed.internal.InterceptorImpl$$anon$2.apply(InterceptorImpl.scala:57)
	at akka.actor.typed.internal.SimpleSupervisor.aroundReceive(Supervision.scala:124)
	at akka.actor.typed.internal.InterceptorImpl.receive(InterceptorImpl.scala:85)
	at akka.actor.typed.Behavior$.interpret(Behavior.scala:274)
	at akka.actor.typed.Behavior$.interpretMessage(Behavior.scala:230)
	at akka.actor.typed.internal.adapter.ActorAdapter.handleMessage(ActorAdapter.scala:129)
	at akka.actor.typed.internal.adapter.ActorAdapter.aroundReceive(ActorAdapter.scala:106)
	at akka.actor.ActorCell.receiveMessage(ActorCell.scala:577)
	at akka.actor.ActorCell.invoke(ActorCell.scala:547)
	at akka.dispatch.Mailbox.processMailbox(Mailbox.scala:270)
	at akka.dispatch.Mailbox.run(Mailbox.scala:231)
	at akka.dispatch.Mailbox.exec(Mailbox.scala:243)
	at java.util.concurrent.ForkJoinTask.doExec(ForkJoinTask.java:289)
	at java.util.concurrent.ForkJoinPool$WorkQueue.runTask(ForkJoinPool.java:1056)
	at java.util.concurrent.ForkJoinPool.runWorker(ForkJoinPool.java:1692)
	at java.util.concurrent.ForkJoinWorkerThread.run(ForkJoinWorkerThread.java:157)
[2020-11-03 16:57:19,329] [ERROR] [akka.actor.ActorSystemImpl] [] [Cache-akka.actor.default-dispatcher-23] - Error during processing of request: 'Ask timed out on [Actor[akka://Cache/system/ZookeeperManager#-1595693144]] after [5000 ms]. Message of type [com.akuk.dt.cache.zk.ZookeeperManager$ZKnode]. A typical reason for `AskTimeoutException` is that the recipient actor didn't send a reply.'. Completing with 500 Internal Server Error response. To change default exception handling behavior, provide a custom ExceptionHandler. {akkaAddress=akka://Cache, sourceThread=Cache-akka.actor.default-dispatcher-24, akkaSource=akka.actor.ActorSystemImpl(Cache), sourceActorSystem=Cache, akkaTimestamp=08:57:19.324UTC}
java.util.concurrent.TimeoutException: Ask timed out on [Actor[akka://Cache/system/ZookeeperManager#-1595693144]] after [5000 ms]. Message of type [com.akuk.dt.cache.zk.ZookeeperManager$ZKnode]. A typical reason for `AskTimeoutException` is that the recipient actor didn't send a reply.
	at akka.actor.typed.scaladsl.AskPattern$.$anonfun$onTimeout$1(AskPattern.scala:131)
	at akka.pattern.PromiseActorRef$.$anonfun$apply$1(AskSupport.scala:722)
	at akka.actor.Scheduler$$anon$7.run(Scheduler.scala:476)
	at scala.concurrent.ExecutionContext$parasitic$.execute(ExecutionContext.scala:164)
	at akka.actor.LightArrayRevolverScheduler$TaskHolder.executeTask(LightArrayRevolverScheduler.scala:358)
	at akka.actor.LightArrayRevolverScheduler$$anon$3.executeBucket$1(LightArrayRevolverScheduler.scala:309)
	at akka.actor.LightArrayRevolverScheduler$$anon$3.nextTick(LightArrayRevolverScheduler.scala:313)
	at akka.actor.LightArrayRevolverScheduler$$anon$3.run(LightArrayRevolverScheduler.scala:265)
	at java.lang.Thread.run(Thread.java:748)
[2020-11-03 16:58:10,464] [ERROR] [com.akuk.dt.cache.zk.ClientActorLock] [] [Cache-akka.actor.default-dispatcher-9] - Exception  {}
java.lang.IllegalArgumentException: Path must start with / character
	at org.apache.zookeeper.common.PathUtils.validatePath(PathUtils.java:51)
	at org.apache.zookeeper.ZooKeeper.exists(ZooKeeper.java:2000)
	at org.apache.zookeeper.ZooKeeper.exists(ZooKeeper.java:2049)
	at com.akuk.dt.cache.zk.ZooKeeperBase.liftedTree1$1(ZooKeeperBase.scala:47)
	at com.akuk.dt.cache.zk.ZooKeeperBase.createRootNode(ZooKeeperBase.scala:46)
	at com.akuk.dt.cache.zk.ClientActorLock.lock(ClientActorLock.scala:18)
	at com.akuk.dt.cache.zk.ZookeeperManager.$anonfun$apply$1(ZookeeperManager.scala:22)
	at akka.actor.typed.internal.BehaviorImpl$ReceiveBehavior.receive(BehaviorImpl.scala:136)
	at akka.actor.typed.Behavior$.interpret(Behavior.scala:274)
	at akka.actor.typed.Behavior$.interpretMessage(Behavior.scala:230)
	at akka.actor.typed.internal.InterceptorImpl$$anon$2.apply(InterceptorImpl.scala:57)
	at akka.actor.typed.internal.SimpleSupervisor.aroundReceive(Supervision.scala:124)
	at akka.actor.typed.internal.InterceptorImpl.receive(InterceptorImpl.scala:85)
	at akka.actor.typed.Behavior$.interpret(Behavior.scala:274)
	at akka.actor.typed.Behavior$.interpretMessage(Behavior.scala:230)
	at akka.actor.typed.internal.adapter.ActorAdapter.handleMessage(ActorAdapter.scala:129)
	at akka.actor.typed.internal.adapter.ActorAdapter.aroundReceive(ActorAdapter.scala:106)
	at akka.actor.ActorCell.receiveMessage(ActorCell.scala:577)
	at akka.actor.ActorCell.invoke(ActorCell.scala:547)
	at akka.dispatch.Mailbox.processMailbox(Mailbox.scala:270)
	at akka.dispatch.Mailbox.run(Mailbox.scala:231)
	at akka.dispatch.Mailbox.exec(Mailbox.scala:243)
	at java.util.concurrent.ForkJoinTask.doExec(ForkJoinTask.java:289)
	at java.util.concurrent.ForkJoinPool$WorkQueue.runTask(ForkJoinPool.java:1056)
	at java.util.concurrent.ForkJoinPool.runWorker(ForkJoinPool.java:1692)
	at java.util.concurrent.ForkJoinWorkerThread.run(ForkJoinWorkerThread.java:157)
[2020-11-03 16:58:15,490] [ERROR] [akka.actor.ActorSystemImpl] [] [Cache-akka.actor.default-dispatcher-9] - Error during processing of request: 'Ask timed out on [Actor[akka://Cache/system/ZookeeperManager#-1484062583]] after [5000 ms]. Message of type [com.akuk.dt.cache.zk.ZookeeperManager$ZKnode]. A typical reason for `AskTimeoutException` is that the recipient actor didn't send a reply.'. Completing with 500 Internal Server Error response. To change default exception handling behavior, provide a custom ExceptionHandler. {akkaAddress=akka://Cache, sourceThread=Cache-akka.actor.default-dispatcher-6, akkaSource=akka.actor.ActorSystemImpl(Cache), sourceActorSystem=Cache, akkaTimestamp=08:58:15.485UTC}
java.util.concurrent.TimeoutException: Ask timed out on [Actor[akka://Cache/system/ZookeeperManager#-1484062583]] after [5000 ms]. Message of type [com.akuk.dt.cache.zk.ZookeeperManager$ZKnode]. A typical reason for `AskTimeoutException` is that the recipient actor didn't send a reply.
	at akka.actor.typed.scaladsl.AskPattern$.$anonfun$onTimeout$1(AskPattern.scala:131)
	at akka.pattern.PromiseActorRef$.$anonfun$apply$1(AskSupport.scala:722)
	at akka.actor.Scheduler$$anon$7.run(Scheduler.scala:476)
	at scala.concurrent.ExecutionContext$parasitic$.execute(ExecutionContext.scala:164)
	at akka.actor.LightArrayRevolverScheduler$TaskHolder.executeTask(LightArrayRevolverScheduler.scala:358)
	at akka.actor.LightArrayRevolverScheduler$$anon$3.executeBucket$1(LightArrayRevolverScheduler.scala:309)
	at akka.actor.LightArrayRevolverScheduler$$anon$3.nextTick(LightArrayRevolverScheduler.scala:313)
	at akka.actor.LightArrayRevolverScheduler$$anon$3.run(LightArrayRevolverScheduler.scala:265)
	at java.lang.Thread.run(Thread.java:748)
[2020-11-03 16:58:56,663] [ERROR] [com.akuk.dt.cache.zk.ClientActorLock] [] [Cache-akka.actor.default-dispatcher-13] - Exception  {}
java.lang.IllegalArgumentException: Path must start with / character
	at org.apache.zookeeper.common.PathUtils.validatePath(PathUtils.java:51)
	at org.apache.zookeeper.ZooKeeper.exists(ZooKeeper.java:2000)
	at org.apache.zookeeper.ZooKeeper.exists(ZooKeeper.java:2049)
	at com.akuk.dt.cache.zk.ZooKeeperBase.liftedTree1$1(ZooKeeperBase.scala:47)
	at com.akuk.dt.cache.zk.ZooKeeperBase.createRootNode(ZooKeeperBase.scala:46)
	at com.akuk.dt.cache.zk.ClientActorLock.lock(ClientActorLock.scala:18)
	at com.akuk.dt.cache.zk.ZookeeperManager.$anonfun$apply$1(ZookeeperManager.scala:22)
	at akka.actor.typed.internal.BehaviorImpl$ReceiveBehavior.receive(BehaviorImpl.scala:136)
	at akka.actor.typed.Behavior$.interpret(Behavior.scala:274)
	at akka.actor.typed.Behavior$.interpretMessage(Behavior.scala:230)
	at akka.actor.typed.internal.InterceptorImpl$$anon$2.apply(InterceptorImpl.scala:57)
	at akka.actor.typed.internal.SimpleSupervisor.aroundReceive(Supervision.scala:124)
	at akka.actor.typed.internal.InterceptorImpl.receive(InterceptorImpl.scala:85)
	at akka.actor.typed.Behavior$.interpret(Behavior.scala:274)
	at akka.actor.typed.Behavior$.interpretMessage(Behavior.scala:230)
	at akka.actor.typed.internal.adapter.ActorAdapter.handleMessage(ActorAdapter.scala:129)
	at akka.actor.typed.internal.adapter.ActorAdapter.aroundReceive(ActorAdapter.scala:106)
	at akka.actor.ActorCell.receiveMessage(ActorCell.scala:577)
	at akka.actor.ActorCell.invoke(ActorCell.scala:547)
	at akka.dispatch.Mailbox.processMailbox(Mailbox.scala:270)
	at akka.dispatch.Mailbox.run(Mailbox.scala:231)
	at akka.dispatch.Mailbox.exec(Mailbox.scala:243)
	at java.util.concurrent.ForkJoinTask.doExec(ForkJoinTask.java:289)
	at java.util.concurrent.ForkJoinPool$WorkQueue.runTask(ForkJoinPool.java:1056)
	at java.util.concurrent.ForkJoinPool.runWorker(ForkJoinPool.java:1692)
	at java.util.concurrent.ForkJoinWorkerThread.run(ForkJoinWorkerThread.java:157)
[2020-11-03 16:59:01,670] [ERROR] [akka.actor.ActorSystemImpl] [] [Cache-akka.actor.default-dispatcher-12] - Error during processing of request: 'Ask timed out on [Actor[akka://Cache/system/ZookeeperManager#-1484062583]] after [5000 ms]. Message of type [com.akuk.dt.cache.zk.ZookeeperManager$ZKnode]. A typical reason for `AskTimeoutException` is that the recipient actor didn't send a reply.'. Completing with 500 Internal Server Error response. To change default exception handling behavior, provide a custom ExceptionHandler. {akkaAddress=akka://Cache, sourceThread=Cache-akka.actor.default-dispatcher-13, akkaSource=akka.actor.ActorSystemImpl(Cache), sourceActorSystem=Cache, akkaTimestamp=08:59:01.669UTC}
java.util.concurrent.TimeoutException: Ask timed out on [Actor[akka://Cache/system/ZookeeperManager#-1484062583]] after [5000 ms]. Message of type [com.akuk.dt.cache.zk.ZookeeperManager$ZKnode]. A typical reason for `AskTimeoutException` is that the recipient actor didn't send a reply.
	at akka.actor.typed.scaladsl.AskPattern$.$anonfun$onTimeout$1(AskPattern.scala:131)
	at akka.pattern.PromiseActorRef$.$anonfun$apply$1(AskSupport.scala:722)
	at akka.actor.Scheduler$$anon$7.run(Scheduler.scala:476)
	at scala.concurrent.ExecutionContext$parasitic$.execute(ExecutionContext.scala:164)
	at akka.actor.LightArrayRevolverScheduler$TaskHolder.executeTask(LightArrayRevolverScheduler.scala:358)
	at akka.actor.LightArrayRevolverScheduler$$anon$3.executeBucket$1(LightArrayRevolverScheduler.scala:309)
	at akka.actor.LightArrayRevolverScheduler$$anon$3.nextTick(LightArrayRevolverScheduler.scala:313)
	at akka.actor.LightArrayRevolverScheduler$$anon$3.run(LightArrayRevolverScheduler.scala:265)
	at java.lang.Thread.run(Thread.java:748)
[2020-11-03 16:59:56,779] [ERROR] [akka.actor.ActorSystemImpl] [] [Cache-akka.actor.default-dispatcher-3] - Error during processing of request: 'Ask timed out on [Actor[akka://Cache/system/ZookeeperManager#351040431]] after [5000 ms]. Message of type [com.akuk.dt.cache.zk.ZookeeperManager$ZKnode]. A typical reason for `AskTimeoutException` is that the recipient actor didn't send a reply.'. Completing with 500 Internal Server Error response. To change default exception handling behavior, provide a custom ExceptionHandler. {akkaAddress=akka://Cache, sourceThread=Cache-akka.actor.default-dispatcher-6, akkaSource=akka.actor.ActorSystemImpl(Cache), sourceActorSystem=Cache, akkaTimestamp=08:59:56.774UTC}
java.util.concurrent.TimeoutException: Ask timed out on [Actor[akka://Cache/system/ZookeeperManager#351040431]] after [5000 ms]. Message of type [com.akuk.dt.cache.zk.ZookeeperManager$ZKnode]. A typical reason for `AskTimeoutException` is that the recipient actor didn't send a reply.
	at akka.actor.typed.scaladsl.AskPattern$.$anonfun$onTimeout$1(AskPattern.scala:131)
	at akka.pattern.PromiseActorRef$.$anonfun$apply$1(AskSupport.scala:722)
	at akka.actor.Scheduler$$anon$7.run(Scheduler.scala:476)
	at scala.concurrent.ExecutionContext$parasitic$.execute(ExecutionContext.scala:164)
	at akka.actor.LightArrayRevolverScheduler$TaskHolder.executeTask(LightArrayRevolverScheduler.scala:358)
	at akka.actor.LightArrayRevolverScheduler$$anon$3.executeBucket$1(LightArrayRevolverScheduler.scala:309)
	at akka.actor.LightArrayRevolverScheduler$$anon$3.nextTick(LightArrayRevolverScheduler.scala:313)
	at akka.actor.LightArrayRevolverScheduler$$anon$3.run(LightArrayRevolverScheduler.scala:265)
	at java.lang.Thread.run(Thread.java:748)
[2020-11-03 17:01:07,053] [ERROR] [akka.actor.ActorSystemImpl] [] [Cache-akka.actor.default-dispatcher-15] - Error during processing of request: 'Ask timed out on [Actor[akka://Cache/system/ZookeeperManager#351040431]] after [5000 ms]. Message of type [com.akuk.dt.cache.zk.ZookeeperManager$ZKnode]. A typical reason for `AskTimeoutException` is that the recipient actor didn't send a reply.'. Completing with 500 Internal Server Error response. To change default exception handling behavior, provide a custom ExceptionHandler. {akkaAddress=akka://Cache, sourceThread=Cache-akka.actor.default-dispatcher-11, akkaSource=akka.actor.ActorSystemImpl(Cache), sourceActorSystem=Cache, akkaTimestamp=09:01:07.051UTC}
java.util.concurrent.TimeoutException: Ask timed out on [Actor[akka://Cache/system/ZookeeperManager#351040431]] after [5000 ms]. Message of type [com.akuk.dt.cache.zk.ZookeeperManager$ZKnode]. A typical reason for `AskTimeoutException` is that the recipient actor didn't send a reply.
	at akka.actor.typed.scaladsl.AskPattern$.$anonfun$onTimeout$1(AskPattern.scala:131)
	at akka.pattern.PromiseActorRef$.$anonfun$apply$1(AskSupport.scala:722)
	at akka.actor.Scheduler$$anon$7.run(Scheduler.scala:476)
	at scala.concurrent.ExecutionContext$parasitic$.execute(ExecutionContext.scala:164)
	at akka.actor.LightArrayRevolverScheduler$TaskHolder.executeTask(LightArrayRevolverScheduler.scala:358)
	at akka.actor.LightArrayRevolverScheduler$$anon$3.executeBucket$1(LightArrayRevolverScheduler.scala:309)
	at akka.actor.LightArrayRevolverScheduler$$anon$3.nextTick(LightArrayRevolverScheduler.scala:313)
	at akka.actor.LightArrayRevolverScheduler$$anon$3.run(LightArrayRevolverScheduler.scala:265)
	at java.lang.Thread.run(Thread.java:748)
[2020-11-03 17:03:08,095] [ERROR] [akka.actor.ActorSystemImpl] [] [Cache-akka.actor.default-dispatcher-9] - Error during processing of request: 'Ask timed out on [Actor[akka://Cache/system/ZookeeperManager#-1149350896]] after [5000 ms]. Message of type [com.akuk.dt.cache.zk.ZookeeperManager$ZKnode]. A typical reason for `AskTimeoutException` is that the recipient actor didn't send a reply.'. Completing with 500 Internal Server Error response. To change default exception handling behavior, provide a custom ExceptionHandler. {akkaAddress=akka://Cache, sourceThread=Cache-akka.actor.default-dispatcher-5, akkaSource=akka.actor.ActorSystemImpl(Cache), sourceActorSystem=Cache, akkaTimestamp=09:03:05.868UTC}
java.util.concurrent.TimeoutException: Ask timed out on [Actor[akka://Cache/system/ZookeeperManager#-1149350896]] after [5000 ms]. Message of type [com.akuk.dt.cache.zk.ZookeeperManager$ZKnode]. A typical reason for `AskTimeoutException` is that the recipient actor didn't send a reply.
	at akka.actor.typed.scaladsl.AskPattern$.$anonfun$onTimeout$1(AskPattern.scala:131)
	at akka.pattern.PromiseActorRef$.$anonfun$apply$1(AskSupport.scala:722)
	at akka.actor.Scheduler$$anon$7.run(Scheduler.scala:476)
	at scala.concurrent.ExecutionContext$parasitic$.execute(ExecutionContext.scala:164)
	at akka.actor.LightArrayRevolverScheduler$TaskHolder.executeTask(LightArrayRevolverScheduler.scala:358)
	at akka.actor.LightArrayRevolverScheduler$$anon$3.executeBucket$1(LightArrayRevolverScheduler.scala:309)
	at akka.actor.LightArrayRevolverScheduler$$anon$3.nextTick(LightArrayRevolverScheduler.scala:313)
	at akka.actor.LightArrayRevolverScheduler$$anon$3.run(LightArrayRevolverScheduler.scala:265)
	at java.lang.Thread.run(Thread.java:748)
[2020-11-03 17:04:15,032] [ERROR] [akka.actor.ActorSystemImpl] [] [Cache-akka.actor.default-dispatcher-6] - Error during processing of request: 'Ask timed out on [Actor[akka://Cache/system/ZookeeperManager#-1149350896]] after [5000 ms]. Message of type [com.akuk.dt.cache.zk.ZookeeperManager$ZKnode]. A typical reason for `AskTimeoutException` is that the recipient actor didn't send a reply.'. Completing with 500 Internal Server Error response. To change default exception handling behavior, provide a custom ExceptionHandler. {akkaAddress=akka://Cache, sourceThread=Cache-akka.actor.default-dispatcher-9, akkaSource=akka.actor.ActorSystemImpl(Cache), sourceActorSystem=Cache, akkaTimestamp=09:04:15.028UTC}
java.util.concurrent.TimeoutException: Ask timed out on [Actor[akka://Cache/system/ZookeeperManager#-1149350896]] after [5000 ms]. Message of type [com.akuk.dt.cache.zk.ZookeeperManager$ZKnode]. A typical reason for `AskTimeoutException` is that the recipient actor didn't send a reply.
	at akka.actor.typed.scaladsl.AskPattern$.$anonfun$onTimeout$1(AskPattern.scala:131)
	at akka.pattern.PromiseActorRef$.$anonfun$apply$1(AskSupport.scala:722)
	at akka.actor.Scheduler$$anon$7.run(Scheduler.scala:476)
	at scala.concurrent.ExecutionContext$parasitic$.execute(ExecutionContext.scala:164)
	at akka.actor.LightArrayRevolverScheduler$TaskHolder.executeTask(LightArrayRevolverScheduler.scala:358)
	at akka.actor.LightArrayRevolverScheduler$$anon$3.executeBucket$1(LightArrayRevolverScheduler.scala:309)
	at akka.actor.LightArrayRevolverScheduler$$anon$3.nextTick(LightArrayRevolverScheduler.scala:313)
	at akka.actor.LightArrayRevolverScheduler$$anon$3.run(LightArrayRevolverScheduler.scala:265)
	at java.lang.Thread.run(Thread.java:748)
[2020-11-03 17:06:02,601] [ERROR] [akka.actor.ActorSystemImpl] [] [Cache-akka.actor.default-dispatcher-3] - Error during processing of request: 'Ask timed out on [Actor[akka://Cache/system/ZookeeperManager#-1700686874]] after [10000 ms]. Message of type [com.akuk.dt.cache.zk.ZookeeperManager$ZKnode]. A typical reason for `AskTimeoutException` is that the recipient actor didn't send a reply.'. Completing with 500 Internal Server Error response. To change default exception handling behavior, provide a custom ExceptionHandler. {akkaAddress=akka://Cache, sourceThread=Cache-akka.actor.default-dispatcher-6, akkaSource=akka.actor.ActorSystemImpl(Cache), sourceActorSystem=Cache, akkaTimestamp=09:06:02.598UTC}
java.util.concurrent.TimeoutException: Ask timed out on [Actor[akka://Cache/system/ZookeeperManager#-1700686874]] after [10000 ms]. Message of type [com.akuk.dt.cache.zk.ZookeeperManager$ZKnode]. A typical reason for `AskTimeoutException` is that the recipient actor didn't send a reply.
	at akka.actor.typed.scaladsl.AskPattern$.$anonfun$onTimeout$1(AskPattern.scala:131)
	at akka.pattern.PromiseActorRef$.$anonfun$apply$1(AskSupport.scala:722)
	at akka.actor.Scheduler$$anon$7.run(Scheduler.scala:476)
	at scala.concurrent.ExecutionContext$parasitic$.execute(ExecutionContext.scala:164)
	at akka.actor.LightArrayRevolverScheduler$TaskHolder.executeTask(LightArrayRevolverScheduler.scala:358)
	at akka.actor.LightArrayRevolverScheduler$$anon$3.executeBucket$1(LightArrayRevolverScheduler.scala:309)
	at akka.actor.LightArrayRevolverScheduler$$anon$3.nextTick(LightArrayRevolverScheduler.scala:313)
	at akka.actor.LightArrayRevolverScheduler$$anon$3.run(LightArrayRevolverScheduler.scala:265)
	at java.lang.Thread.run(Thread.java:748)
[2020-11-03 17:06:37,451] [ERROR] [akka.actor.ActorSystemImpl] [] [Cache-akka.actor.default-dispatcher-9] - Error during processing of request: 'Ask timed out on [Actor[akka://Cache/system/ZookeeperManager#-1700686874]] after [10000 ms]. Message of type [com.akuk.dt.cache.zk.ZookeeperManager$ZKnode]. A typical reason for `AskTimeoutException` is that the recipient actor didn't send a reply.'. Completing with 500 Internal Server Error response. To change default exception handling behavior, provide a custom ExceptionHandler. {akkaAddress=akka://Cache, sourceThread=Cache-akka.actor.default-dispatcher-5, akkaSource=akka.actor.ActorSystemImpl(Cache), sourceActorSystem=Cache, akkaTimestamp=09:06:37.449UTC}
java.util.concurrent.TimeoutException: Ask timed out on [Actor[akka://Cache/system/ZookeeperManager#-1700686874]] after [10000 ms]. Message of type [com.akuk.dt.cache.zk.ZookeeperManager$ZKnode]. A typical reason for `AskTimeoutException` is that the recipient actor didn't send a reply.
	at akka.actor.typed.scaladsl.AskPattern$.$anonfun$onTimeout$1(AskPattern.scala:131)
	at akka.pattern.PromiseActorRef$.$anonfun$apply$1(AskSupport.scala:722)
	at akka.actor.Scheduler$$anon$7.run(Scheduler.scala:476)
	at scala.concurrent.ExecutionContext$parasitic$.execute(ExecutionContext.scala:164)
	at akka.actor.LightArrayRevolverScheduler$TaskHolder.executeTask(LightArrayRevolverScheduler.scala:358)
	at akka.actor.LightArrayRevolverScheduler$$anon$3.executeBucket$1(LightArrayRevolverScheduler.scala:309)
	at akka.actor.LightArrayRevolverScheduler$$anon$3.nextTick(LightArrayRevolverScheduler.scala:313)
	at akka.actor.LightArrayRevolverScheduler$$anon$3.run(LightArrayRevolverScheduler.scala:265)
	at java.lang.Thread.run(Thread.java:748)
[2020-11-03 17:09:16,545] [ERROR] [akka.actor.ActorSystemImpl] [] [Cache-akka.actor.default-dispatcher-3] - Error during processing of request: 'Ask timed out on [Actor[akka://Cache/system/ZookeeperManager#971336988]] after [10000 ms]. Message of type [com.akuk.dt.cache.zk.ZookeeperManager$ZKnode]. A typical reason for `AskTimeoutException` is that the recipient actor didn't send a reply.'. Completing with 500 Internal Server Error response. To change default exception handling behavior, provide a custom ExceptionHandler. {akkaAddress=akka://Cache, sourceThread=Cache-akka.actor.default-dispatcher-6, akkaSource=akka.actor.ActorSystemImpl(Cache), sourceActorSystem=Cache, akkaTimestamp=09:09:16.537UTC}
java.util.concurrent.TimeoutException: Ask timed out on [Actor[akka://Cache/system/ZookeeperManager#971336988]] after [10000 ms]. Message of type [com.akuk.dt.cache.zk.ZookeeperManager$ZKnode]. A typical reason for `AskTimeoutException` is that the recipient actor didn't send a reply.
	at akka.actor.typed.scaladsl.AskPattern$.$anonfun$onTimeout$1(AskPattern.scala:131)
	at akka.pattern.PromiseActorRef$.$anonfun$apply$1(AskSupport.scala:722)
	at akka.actor.Scheduler$$anon$7.run(Scheduler.scala:476)
	at scala.concurrent.ExecutionContext$parasitic$.execute(ExecutionContext.scala:164)
	at akka.actor.LightArrayRevolverScheduler$TaskHolder.executeTask(LightArrayRevolverScheduler.scala:358)
	at akka.actor.LightArrayRevolverScheduler$$anon$3.executeBucket$1(LightArrayRevolverScheduler.scala:309)
	at akka.actor.LightArrayRevolverScheduler$$anon$3.nextTick(LightArrayRevolverScheduler.scala:313)
	at akka.actor.LightArrayRevolverScheduler$$anon$3.run(LightArrayRevolverScheduler.scala:265)
	at java.lang.Thread.run(Thread.java:748)
[2020-11-03 17:09:46,600] [ERROR] [akka.actor.ActorSystemImpl] [] [Cache-akka.actor.default-dispatcher-6] - Error during processing of request: 'Ask timed out on [Actor[akka://Cache/system/ZookeeperManager#-858839017]] after [10000 ms]. Message of type [com.akuk.dt.cache.zk.ZookeeperManager$ZKnode]. A typical reason for `AskTimeoutException` is that the recipient actor didn't send a reply.'. Completing with 500 Internal Server Error response. To change default exception handling behavior, provide a custom ExceptionHandler. {akkaAddress=akka://Cache, sourceThread=Cache-akka.actor.default-dispatcher-3, akkaSource=akka.actor.ActorSystemImpl(Cache), sourceActorSystem=Cache, akkaTimestamp=09:09:46.593UTC}
java.util.concurrent.TimeoutException: Ask timed out on [Actor[akka://Cache/system/ZookeeperManager#-858839017]] after [10000 ms]. Message of type [com.akuk.dt.cache.zk.ZookeeperManager$ZKnode]. A typical reason for `AskTimeoutException` is that the recipient actor didn't send a reply.
	at akka.actor.typed.scaladsl.AskPattern$.$anonfun$onTimeout$1(AskPattern.scala:131)
	at akka.pattern.PromiseActorRef$.$anonfun$apply$1(AskSupport.scala:722)
	at akka.actor.Scheduler$$anon$7.run(Scheduler.scala:476)
	at scala.concurrent.ExecutionContext$parasitic$.execute(ExecutionContext.scala:164)
	at akka.actor.LightArrayRevolverScheduler$TaskHolder.executeTask(LightArrayRevolverScheduler.scala:358)
	at akka.actor.LightArrayRevolverScheduler$$anon$3.executeBucket$1(LightArrayRevolverScheduler.scala:309)
	at akka.actor.LightArrayRevolverScheduler$$anon$3.nextTick(LightArrayRevolverScheduler.scala:313)
	at akka.actor.LightArrayRevolverScheduler$$anon$3.run(LightArrayRevolverScheduler.scala:265)
	at java.lang.Thread.run(Thread.java:748)
[2020-11-03 17:11:10,805] [ERROR] [akka.actor.typed.Behavior$] [] [Cache-akka.actor.default-dispatcher-3] - Supervisor StopSupervisor saw failure: null {akkaAddress=akka://Cache, akkaSource=akka://Cache/system/ZookeeperManager, sourceActorSystem=Cache}
java.lang.NullPointerException: null
	at com.akuk.dt.cache.zk.ZookeeperManager.$anonfun$apply$1(ZookeeperManager.scala:23)
	at akka.actor.typed.internal.BehaviorImpl$ReceiveBehavior.receive(BehaviorImpl.scala:136)
	at akka.actor.typed.Behavior$.interpret(Behavior.scala:274)
	at akka.actor.typed.Behavior$.interpretMessage(Behavior.scala:230)
	at akka.actor.typed.internal.InterceptorImpl$$anon$2.apply(InterceptorImpl.scala:57)
	at akka.actor.typed.internal.SimpleSupervisor.aroundReceive(Supervision.scala:124)
	at akka.actor.typed.internal.InterceptorImpl.receive(InterceptorImpl.scala:85)
	at akka.actor.typed.Behavior$.interpret(Behavior.scala:274)
	at akka.actor.typed.Behavior$.interpretMessage(Behavior.scala:230)
	at akka.actor.typed.internal.adapter.ActorAdapter.handleMessage(ActorAdapter.scala:129)
	at akka.actor.typed.internal.adapter.ActorAdapter.aroundReceive(ActorAdapter.scala:106)
	at akka.actor.ActorCell.receiveMessage(ActorCell.scala:577)
	at akka.actor.ActorCell.invoke(ActorCell.scala:547)
	at akka.dispatch.Mailbox.processMailbox(Mailbox.scala:270)
	at akka.dispatch.Mailbox.run(Mailbox.scala:231)
	at akka.dispatch.Mailbox.exec(Mailbox.scala:243)
	at java.util.concurrent.ForkJoinTask.doExec(ForkJoinTask.java:289)
	at java.util.concurrent.ForkJoinPool$WorkQueue.runTask(ForkJoinPool.java:1056)
	at java.util.concurrent.ForkJoinPool.runWorker(ForkJoinPool.java:1692)
	at java.util.concurrent.ForkJoinWorkerThread.run(ForkJoinWorkerThread.java:157)
[2020-11-03 17:11:20,796] [ERROR] [akka.actor.ActorSystemImpl] [] [Cache-akka.actor.default-dispatcher-3] - Error during processing of request: 'Ask timed out on [Actor[akka://Cache/system/ZookeeperManager#1293194773]] after [10000 ms]. Message of type [com.akuk.dt.cache.zk.ZookeeperManager$ZKnode]. A typical reason for `AskTimeoutException` is that the recipient actor didn't send a reply.'. Completing with 500 Internal Server Error response. To change default exception handling behavior, provide a custom ExceptionHandler. {akkaAddress=akka://Cache, sourceThread=Cache-akka.actor.default-dispatcher-7, akkaSource=akka.actor.ActorSystemImpl(Cache), sourceActorSystem=Cache, akkaTimestamp=09:11:20.793UTC}
java.util.concurrent.TimeoutException: Ask timed out on [Actor[akka://Cache/system/ZookeeperManager#1293194773]] after [10000 ms]. Message of type [com.akuk.dt.cache.zk.ZookeeperManager$ZKnode]. A typical reason for `AskTimeoutException` is that the recipient actor didn't send a reply.
	at akka.actor.typed.scaladsl.AskPattern$.$anonfun$onTimeout$1(AskPattern.scala:131)
	at akka.pattern.PromiseActorRef$.$anonfun$apply$1(AskSupport.scala:722)
	at akka.actor.Scheduler$$anon$7.run(Scheduler.scala:476)
	at scala.concurrent.ExecutionContext$parasitic$.execute(ExecutionContext.scala:164)
	at akka.actor.LightArrayRevolverScheduler$TaskHolder.executeTask(LightArrayRevolverScheduler.scala:358)
	at akka.actor.LightArrayRevolverScheduler$$anon$3.executeBucket$1(LightArrayRevolverScheduler.scala:309)
	at akka.actor.LightArrayRevolverScheduler$$anon$3.nextTick(LightArrayRevolverScheduler.scala:313)
	at akka.actor.LightArrayRevolverScheduler$$anon$3.run(LightArrayRevolverScheduler.scala:265)
	at java.lang.Thread.run(Thread.java:748)
[2020-11-03 17:14:43,838] [ERROR] [akka.actor.ActorSystemImpl] [] [Cache-akka.actor.default-dispatcher-11] - Error during processing of request: 'Recipient[Actor[akka://Cache/system/ZookeeperManager#1293194773]] had already been terminated.'. Completing with 500 Internal Server Error response. To change default exception handling behavior, provide a custom ExceptionHandler. {akkaAddress=akka://Cache, sourceThread=Cache-akka.actor.default-dispatcher-12, akkaSource=akka.actor.ActorSystemImpl(Cache), sourceActorSystem=Cache, akkaTimestamp=09:14:43.835UTC}
java.util.concurrent.TimeoutException: Recipient[Actor[akka://Cache/system/ZookeeperManager#1293194773]] had already been terminated.
	at akka.actor.typed.scaladsl.AskPattern$PromiseRef.<init>(AskPattern.scala:140)
	at akka.actor.typed.scaladsl.AskPattern$.akka$actor$typed$scaladsl$AskPattern$$askClassic(AskPattern.scala:167)
	at akka.actor.typed.scaladsl.AskPattern$Askable$.ask$extension(AskPattern.scala:111)
	at akka.actor.typed.scaladsl.AskPattern$Askable$.$qmark$extension(AskPattern.scala:75)
	at com.akuk.dt.cache.ElasticSearchRoutes.$anonfun$cache$4(ElasticSearchRoutes.scala:36)
	at akka.http.scaladsl.server.util.ApplyConverterInstances$$anon$1.$anonfun$apply$1(ApplyConverterInstances.scala:14)
	at akka.http.scaladsl.server.ConjunctionMagnet$$anon$2.$anonfun$apply$3(Directive.scala:219)
	at akka.http.scaladsl.server.directives.BasicDirectives.$anonfun$mapRouteResult$2(BasicDirectives.scala:68)
	at akka.http.scaladsl.server.directives.FutureDirectives.$anonfun$onComplete$3(FutureDirectives.scala:37)
	at akka.http.scaladsl.util.FastFuture$.$anonfun$transformWith$1(FastFuture.scala:37)
	at akka.http.scaladsl.util.FastFuture$.strictTransform$1(FastFuture.scala:41)
	at akka.http.scaladsl.util.FastFuture$.transformWith$extension(FastFuture.scala:45)
	at akka.http.scaladsl.util.FastFuture$.transformWith$extension(FastFuture.scala:37)
	at akka.http.scaladsl.server.directives.FutureDirectives.$anonfun$onComplete$2(FutureDirectives.scala:37)
	at akka.http.scaladsl.server.directives.BasicDirectives.$anonfun$textract$2(BasicDirectives.scala:161)
	at akka.http.scaladsl.server.directives.BasicDirectives.$anonfun$mapRouteResult$2(BasicDirectives.scala:68)
	at akka.http.scaladsl.server.directives.BasicDirectives.$anonfun$textract$2(BasicDirectives.scala:161)
	at akka.http.scaladsl.server.RouteConcatenation$RouteWithConcatenation.$anonfun$$tilde$2(RouteConcatenation.scala:47)
	at akka.http.scaladsl.util.FastFuture$.strictTransform$1(FastFuture.scala:41)
	at akka.http.scaladsl.util.FastFuture$.transformWith$extension(FastFuture.scala:45)
	at akka.http.scaladsl.util.FastFuture$.flatMap$extension(FastFuture.scala:26)
	at akka.http.scaladsl.server.RouteConcatenation$RouteWithConcatenation.$anonfun$$tilde$1(RouteConcatenation.scala:44)
	at akka.http.scaladsl.server.directives.BasicDirectives.$anonfun$mapRequestContext$2(BasicDirectives.scala:45)
	at akka.http.scaladsl.server.directives.BasicDirectives.$anonfun$textract$2(BasicDirectives.scala:161)
	at akka.http.scaladsl.server.directives.BasicDirectives.$anonfun$mapRequestContext$2(BasicDirectives.scala:45)
	at akka.http.scaladsl.server.directives.BasicDirectives.$anonfun$textract$2(BasicDirectives.scala:161)
	at akka.http.scaladsl.server.directives.BasicDirectives.$anonfun$mapRouteResultWith$2(BasicDirectives.scala:74)
	at akka.http.scaladsl.server.directives.BasicDirectives.$anonfun$textract$2(BasicDirectives.scala:161)
	at akka.http.scaladsl.server.directives.ExecutionDirectives.$anonfun$handleExceptions$2(ExecutionDirectives.scala:32)
	at akka.http.scaladsl.server.directives.BasicDirectives.$anonfun$textract$2(BasicDirectives.scala:161)
	at akka.http.scaladsl.server.Route$.$anonfun$asyncHandler$1(Route.scala:86)
	at akka.stream.impl.fusing.MapAsyncUnordered$$anon$31.onPush(Ops.scala:1400)
	at akka.stream.impl.fusing.GraphInterpreter.processPush(GraphInterpreter.scala:541)
	at akka.stream.impl.fusing.GraphInterpreter.execute(GraphInterpreter.scala:423)
	at akka.stream.impl.fusing.GraphInterpreterShell.runBatch(ActorGraphInterpreter.scala:625)
	at akka.stream.impl.fusing.GraphInterpreterShell$AsyncInput.execute(ActorGraphInterpreter.scala:502)
	at akka.stream.impl.fusing.GraphInterpreterShell.processEvent(ActorGraphInterpreter.scala:600)
	at akka.stream.impl.fusing.ActorGraphInterpreter.akka$stream$impl$fusing$ActorGraphInterpreter$$processEvent(ActorGraphInterpreter.scala:769)
	at akka.stream.impl.fusing.ActorGraphInterpreter$$anonfun$receive$1.applyOrElse(ActorGraphInterpreter.scala:784)
	at akka.actor.Actor.aroundReceive(Actor.scala:537)
	at akka.actor.Actor.aroundReceive$(Actor.scala:535)
	at akka.stream.impl.fusing.ActorGraphInterpreter.aroundReceive(ActorGraphInterpreter.scala:691)
	at akka.actor.ActorCell.receiveMessage(ActorCell.scala:577)
	at akka.actor.ActorCell.invoke(ActorCell.scala:547)
	at akka.dispatch.Mailbox.processMailbox(Mailbox.scala:270)
	at akka.dispatch.Mailbox.run(Mailbox.scala:231)
	at akka.dispatch.Mailbox.exec(Mailbox.scala:243)
	at java.util.concurrent.ForkJoinTask.doExec(ForkJoinTask.java:289)
	at java.util.concurrent.ForkJoinPool$WorkQueue.runTask(ForkJoinPool.java:1056)
	at java.util.concurrent.ForkJoinPool.runWorker(ForkJoinPool.java:1692)
	at java.util.concurrent.ForkJoinWorkerThread.run(ForkJoinWorkerThread.java:157)
[2020-11-03 17:19:19,313] [ERROR] [akka.actor.ActorSystemImpl] [] [Cache-akka.actor.default-dispatcher-9] - Error during processing of request: 'Ask timed out on [Actor[akka://Cache/system/ZookeeperManager#1665957312]] after [10000 ms]. Message of type [com.akuk.dt.cache.zk.ZookeeperManager$ZKnode]. A typical reason for `AskTimeoutException` is that the recipient actor didn't send a reply.'. Completing with 500 Internal Server Error response. To change default exception handling behavior, provide a custom ExceptionHandler. {akkaAddress=akka://Cache, sourceThread=Cache-akka.actor.default-dispatcher-5, akkaSource=akka.actor.ActorSystemImpl(Cache), sourceActorSystem=Cache, akkaTimestamp=09:19:19.310UTC}
java.util.concurrent.TimeoutException: Ask timed out on [Actor[akka://Cache/system/ZookeeperManager#1665957312]] after [10000 ms]. Message of type [com.akuk.dt.cache.zk.ZookeeperManager$ZKnode]. A typical reason for `AskTimeoutException` is that the recipient actor didn't send a reply.
	at akka.actor.typed.scaladsl.AskPattern$.$anonfun$onTimeout$1(AskPattern.scala:131)
	at akka.pattern.PromiseActorRef$.$anonfun$apply$1(AskSupport.scala:722)
	at akka.actor.Scheduler$$anon$7.run(Scheduler.scala:476)
	at scala.concurrent.ExecutionContext$parasitic$.execute(ExecutionContext.scala:164)
	at akka.actor.LightArrayRevolverScheduler$TaskHolder.executeTask(LightArrayRevolverScheduler.scala:358)
	at akka.actor.LightArrayRevolverScheduler$$anon$3.executeBucket$1(LightArrayRevolverScheduler.scala:309)
	at akka.actor.LightArrayRevolverScheduler$$anon$3.nextTick(LightArrayRevolverScheduler.scala:313)
	at akka.actor.LightArrayRevolverScheduler$$anon$3.run(LightArrayRevolverScheduler.scala:265)
	at java.lang.Thread.run(Thread.java:748)
[2020-11-03 17:24:52,837] [ERROR] [akka.actor.ActorSystemImpl] [] [Cache-akka.actor.default-dispatcher-13] - Error during processing of request: 'Ask timed out on [Actor[akka://Cache/system/ZookeeperManager#1665957312]] after [10000 ms]. Message of type [unknown]. A typical reason for `AskTimeoutException` is that the recipient actor didn't send a reply.'. Completing with 500 Internal Server Error response. To change default exception handling behavior, provide a custom ExceptionHandler. {akkaAddress=akka://Cache, sourceThread=Cache-akka.actor.default-dispatcher-14, akkaSource=akka.actor.ActorSystemImpl(Cache), sourceActorSystem=Cache, akkaTimestamp=09:24:52.837UTC}
java.util.concurrent.TimeoutException: Ask timed out on [Actor[akka://Cache/system/ZookeeperManager#1665957312]] after [10000 ms]. Message of type [unknown]. A typical reason for `AskTimeoutException` is that the recipient actor didn't send a reply.
	at akka.actor.typed.scaladsl.AskPattern$.$anonfun$onTimeout$1(AskPattern.scala:131)
	at akka.pattern.PromiseActorRef$.$anonfun$apply$1(AskSupport.scala:722)
	at akka.actor.Scheduler$$anon$7.run(Scheduler.scala:476)
	at scala.concurrent.ExecutionContext$parasitic$.execute(ExecutionContext.scala:164)
	at akka.actor.LightArrayRevolverScheduler$TaskHolder.executeTask(LightArrayRevolverScheduler.scala:358)
	at akka.actor.LightArrayRevolverScheduler$$anon$3.executeBucket$1(LightArrayRevolverScheduler.scala:309)
	at akka.actor.LightArrayRevolverScheduler$$anon$3.nextTick(LightArrayRevolverScheduler.scala:313)
	at akka.actor.LightArrayRevolverScheduler$$anon$3.run(LightArrayRevolverScheduler.scala:265)
	at java.lang.Thread.run(Thread.java:748)
[2020-11-03 17:43:40,257] [ERROR] [akka.actor.ActorSystemImpl] [] [Cache-akka.actor.default-dispatcher-6] - Error during processing of request: 'Ask timed out on [Actor[akka://Cache/system/ZookeeperManager#-1496868641]] after [10000 ms]. Message of type [com.akuk.dt.cache.zk.ZookeeperManager$ZKnode]. A typical reason for `AskTimeoutException` is that the recipient actor didn't send a reply.'. Completing with 500 Internal Server Error response. To change default exception handling behavior, provide a custom ExceptionHandler. {akkaAddress=akka://Cache, sourceThread=Cache-akka.actor.default-dispatcher-3, akkaSource=akka.actor.ActorSystemImpl(Cache), sourceActorSystem=Cache, akkaTimestamp=09:43:40.250UTC}
java.util.concurrent.TimeoutException: Ask timed out on [Actor[akka://Cache/system/ZookeeperManager#-1496868641]] after [10000 ms]. Message of type [com.akuk.dt.cache.zk.ZookeeperManager$ZKnode]. A typical reason for `AskTimeoutException` is that the recipient actor didn't send a reply.
	at akka.actor.typed.scaladsl.AskPattern$.$anonfun$onTimeout$1(AskPattern.scala:131)
	at akka.pattern.PromiseActorRef$.$anonfun$apply$1(AskSupport.scala:722)
	at akka.actor.Scheduler$$anon$7.run(Scheduler.scala:476)
	at scala.concurrent.ExecutionContext$parasitic$.execute(ExecutionContext.scala:164)
	at akka.actor.LightArrayRevolverScheduler$TaskHolder.executeTask(LightArrayRevolverScheduler.scala:358)
	at akka.actor.LightArrayRevolverScheduler$$anon$3.executeBucket$1(LightArrayRevolverScheduler.scala:309)
	at akka.actor.LightArrayRevolverScheduler$$anon$3.nextTick(LightArrayRevolverScheduler.scala:313)
	at akka.actor.LightArrayRevolverScheduler$$anon$3.run(LightArrayRevolverScheduler.scala:265)
	at java.lang.Thread.run(Thread.java:748)
[2020-11-03 21:29:03,975] [ERROR] [akka.actor.ActorSystemImpl] [] [Cache-akka.actor.default-dispatcher-15] - Error during processing of request: 'Ask timed out on [Actor[akka://Cache/system/ElasticSearchCache#374627468]] after [10000 ms]. Message of type [com.akuk.dt.cache.ElasticSearchCache$PostIndexData]. A typical reason for `AskTimeoutException` is that the recipient actor didn't send a reply.'. Completing with 500 Internal Server Error response. To change default exception handling behavior, provide a custom ExceptionHandler. {akkaAddress=akka://Cache, sourceThread=Cache-akka.actor.default-dispatcher-13, akkaSource=akka.actor.ActorSystemImpl(Cache), sourceActorSystem=Cache, akkaTimestamp=13:29:03.930UTC}
java.util.concurrent.TimeoutException: Ask timed out on [Actor[akka://Cache/system/ElasticSearchCache#374627468]] after [10000 ms]. Message of type [com.akuk.dt.cache.ElasticSearchCache$PostIndexData]. A typical reason for `AskTimeoutException` is that the recipient actor didn't send a reply.
	at akka.actor.typed.scaladsl.AskPattern$.$anonfun$onTimeout$1(AskPattern.scala:131)
	at akka.pattern.PromiseActorRef$.$anonfun$apply$1(AskSupport.scala:722)
	at akka.actor.Scheduler$$anon$7.run(Scheduler.scala:476)
	at scala.concurrent.ExecutionContext$parasitic$.execute(ExecutionContext.scala:164)
	at akka.actor.LightArrayRevolverScheduler$TaskHolder.executeTask(LightArrayRevolverScheduler.scala:358)
	at akka.actor.LightArrayRevolverScheduler$$anon$3.executeBucket$1(LightArrayRevolverScheduler.scala:309)
	at akka.actor.LightArrayRevolverScheduler$$anon$3.nextTick(LightArrayRevolverScheduler.scala:313)
	at akka.actor.LightArrayRevolverScheduler$$anon$3.run(LightArrayRevolverScheduler.scala:265)
	at java.lang.Thread.run(Thread.java:748)
[2020-11-03 21:29:30,169] [ERROR] [akka.actor.ActorSystemImpl] [] [Cache-akka.actor.default-dispatcher-17] - Error during processing of request: 'Ask timed out on [Actor[akka://Cache/system/ElasticSearchCache#374627468]] after [10000 ms]. Message of type [com.akuk.dt.cache.ElasticSearchCache$PostIndexData]. A typical reason for `AskTimeoutException` is that the recipient actor didn't send a reply.'. Completing with 500 Internal Server Error response. To change default exception handling behavior, provide a custom ExceptionHandler. {akkaAddress=akka://Cache, sourceThread=Cache-akka.actor.default-dispatcher-18, akkaSource=akka.actor.ActorSystemImpl(Cache), sourceActorSystem=Cache, akkaTimestamp=13:29:30.168UTC}
java.util.concurrent.TimeoutException: Ask timed out on [Actor[akka://Cache/system/ElasticSearchCache#374627468]] after [10000 ms]. Message of type [com.akuk.dt.cache.ElasticSearchCache$PostIndexData]. A typical reason for `AskTimeoutException` is that the recipient actor didn't send a reply.
	at akka.actor.typed.scaladsl.AskPattern$.$anonfun$onTimeout$1(AskPattern.scala:131)
	at akka.pattern.PromiseActorRef$.$anonfun$apply$1(AskSupport.scala:722)
	at akka.actor.Scheduler$$anon$7.run(Scheduler.scala:476)
	at scala.concurrent.ExecutionContext$parasitic$.execute(ExecutionContext.scala:164)
	at akka.actor.LightArrayRevolverScheduler$TaskHolder.executeTask(LightArrayRevolverScheduler.scala:358)
	at akka.actor.LightArrayRevolverScheduler$$anon$3.executeBucket$1(LightArrayRevolverScheduler.scala:309)
	at akka.actor.LightArrayRevolverScheduler$$anon$3.nextTick(LightArrayRevolverScheduler.scala:313)
	at akka.actor.LightArrayRevolverScheduler$$anon$3.run(LightArrayRevolverScheduler.scala:265)
	at java.lang.Thread.run(Thread.java:748)
[2020-11-03 21:29:46,069] [ERROR] [akka.actor.ActorSystemImpl] [] [Cache-akka.actor.default-dispatcher-17] - Error during processing of request: 'Ask timed out on [Actor[akka://Cache/system/ElasticSearchCache#374627468]] after [10000 ms]. Message of type [com.akuk.dt.cache.ElasticSearchCache$PostIndexData]. A typical reason for `AskTimeoutException` is that the recipient actor didn't send a reply.'. Completing with 500 Internal Server Error response. To change default exception handling behavior, provide a custom ExceptionHandler. {akkaAddress=akka://Cache, sourceThread=Cache-akka.actor.default-dispatcher-12, akkaSource=akka.actor.ActorSystemImpl(Cache), sourceActorSystem=Cache, akkaTimestamp=13:29:46.067UTC}
java.util.concurrent.TimeoutException: Ask timed out on [Actor[akka://Cache/system/ElasticSearchCache#374627468]] after [10000 ms]. Message of type [com.akuk.dt.cache.ElasticSearchCache$PostIndexData]. A typical reason for `AskTimeoutException` is that the recipient actor didn't send a reply.
	at akka.actor.typed.scaladsl.AskPattern$.$anonfun$onTimeout$1(AskPattern.scala:131)
	at akka.pattern.PromiseActorRef$.$anonfun$apply$1(AskSupport.scala:722)
	at akka.actor.Scheduler$$anon$7.run(Scheduler.scala:476)
	at scala.concurrent.ExecutionContext$parasitic$.execute(ExecutionContext.scala:164)
	at akka.actor.LightArrayRevolverScheduler$TaskHolder.executeTask(LightArrayRevolverScheduler.scala:358)
	at akka.actor.LightArrayRevolverScheduler$$anon$3.executeBucket$1(LightArrayRevolverScheduler.scala:309)
	at akka.actor.LightArrayRevolverScheduler$$anon$3.nextTick(LightArrayRevolverScheduler.scala:313)
	at akka.actor.LightArrayRevolverScheduler$$anon$3.run(LightArrayRevolverScheduler.scala:265)
	at java.lang.Thread.run(Thread.java:748)
[2020-11-03 21:46:45,596] [ERROR] [akka.actor.ActorSystemImpl] [] [Cache-akka.actor.default-dispatcher-13] - Error during processing of request: 'Ask timed out on [Actor[akka://Cache/system/ElasticSearchCache#1955509064]] after [10000 ms]. Message of type [com.akuk.dt.cache.ElasticSearchCache$PostIndexData]. A typical reason for `AskTimeoutException` is that the recipient actor didn't send a reply.'. Completing with 500 Internal Server Error response. To change default exception handling behavior, provide a custom ExceptionHandler. {akkaAddress=akka://Cache, sourceThread=Cache-akka.actor.default-dispatcher-11, akkaSource=akka.actor.ActorSystemImpl(Cache), sourceActorSystem=Cache, akkaTimestamp=13:46:45.588UTC}
java.util.concurrent.TimeoutException: Ask timed out on [Actor[akka://Cache/system/ElasticSearchCache#1955509064]] after [10000 ms]. Message of type [com.akuk.dt.cache.ElasticSearchCache$PostIndexData]. A typical reason for `AskTimeoutException` is that the recipient actor didn't send a reply.
	at akka.actor.typed.scaladsl.AskPattern$.$anonfun$onTimeout$1(AskPattern.scala:131)
	at akka.pattern.PromiseActorRef$.$anonfun$apply$1(AskSupport.scala:722)
	at akka.actor.Scheduler$$anon$7.run(Scheduler.scala:476)
	at scala.concurrent.ExecutionContext$parasitic$.execute(ExecutionContext.scala:164)
	at akka.actor.LightArrayRevolverScheduler$TaskHolder.executeTask(LightArrayRevolverScheduler.scala:358)
	at akka.actor.LightArrayRevolverScheduler$$anon$3.executeBucket$1(LightArrayRevolverScheduler.scala:309)
	at akka.actor.LightArrayRevolverScheduler$$anon$3.nextTick(LightArrayRevolverScheduler.scala:313)
	at akka.actor.LightArrayRevolverScheduler$$anon$3.run(LightArrayRevolverScheduler.scala:265)
	at java.lang.Thread.run(Thread.java:748)
[2020-11-03 21:47:58,691] [ERROR] [akka.actor.ActorSystemImpl] [] [Cache-akka.actor.default-dispatcher-7] - Error during processing of request: 'Ask timed out on [Actor[akka://Cache/system/ElasticSearchCache#-1916334181]] after [10000 ms]. Message of type [com.akuk.dt.cache.ElasticSearchCache$PostIndexData]. A typical reason for `AskTimeoutException` is that the recipient actor didn't send a reply.'. Completing with 500 Internal Server Error response. To change default exception handling behavior, provide a custom ExceptionHandler. {akkaAddress=akka://Cache, sourceThread=Cache-akka.actor.default-dispatcher-6, akkaSource=akka.actor.ActorSystemImpl(Cache), sourceActorSystem=Cache, akkaTimestamp=13:47:58.683UTC}
java.util.concurrent.TimeoutException: Ask timed out on [Actor[akka://Cache/system/ElasticSearchCache#-1916334181]] after [10000 ms]. Message of type [com.akuk.dt.cache.ElasticSearchCache$PostIndexData]. A typical reason for `AskTimeoutException` is that the recipient actor didn't send a reply.
	at akka.actor.typed.scaladsl.AskPattern$.$anonfun$onTimeout$1(AskPattern.scala:131)
	at akka.pattern.PromiseActorRef$.$anonfun$apply$1(AskSupport.scala:722)
	at akka.actor.Scheduler$$anon$7.run(Scheduler.scala:476)
	at scala.concurrent.ExecutionContext$parasitic$.execute(ExecutionContext.scala:164)
	at akka.actor.LightArrayRevolverScheduler$TaskHolder.executeTask(LightArrayRevolverScheduler.scala:358)
	at akka.actor.LightArrayRevolverScheduler$$anon$3.executeBucket$1(LightArrayRevolverScheduler.scala:309)
	at akka.actor.LightArrayRevolverScheduler$$anon$3.nextTick(LightArrayRevolverScheduler.scala:313)
	at akka.actor.LightArrayRevolverScheduler$$anon$3.run(LightArrayRevolverScheduler.scala:265)
	at java.lang.Thread.run(Thread.java:748)
