[2020-10-30 16:02:22,660] [INFO] [com.akuk.dt.cache.ElasticSearchLowLevelRestClient$] [] [main] - {"user":"jack","postDate":"1604044942656","message":"trying out Elasticsearch"} {}
[2020-10-30 16:02:35,302] [INFO] [com.akuk.dt.cache.ElasticSearchLowLevelRestClient$] [] [main] - {"user":"jack","postDate":"1604044955299","message":"trying out Elasticsearch"} {}
[2020-10-30 16:02:35,304] [INFO] [com.akuk.dt.cache.ElasticSearchLowLevelRestClient$] [] [main] - 
	 ## ElasticSearchLowLevelRestClient.putIndexData.requestParam

	 /posts/_doc/1?json={"user":"jack","postDate":"1604044955299","message":"trying out Elasticsearch"} {}
[2020-10-30 16:02:35,551] [INFO] [com.akuk.dt.cache.ElasticSearchLowLevelRestClient$] [] [main] - 
	 ## ElasticSearchLowLevelRestClient.putIndexData.responseResult

	 host=http://121.36.247.106:9200,statusCode=200,headers=[Lorg.apache.http.Header;@38aa816f,responseBody={"_index":"posts","_type":"_doc","_id":"1","_version":2,"result":"updated","_shards":{"total":2,"successful":1,"failed":0},"_seq_no":2,"_primary_term":1} {}
[2020-10-30 16:07:29,847] [INFO] [com.akuk.dt.cache.ElasticSearchLowLevelRestClient$] [] [main] - {"user":"kimchy","postDate":"1604045249843","message":"trying out Elasticsearch"} {}
[2020-10-30 16:07:29,849] [INFO] [com.akuk.dt.cache.ElasticSearchLowLevelRestClient$] [] [main] - 
	 ## ElasticSearchLowLevelRestClient.putIndexData.requestParam
 posts/_doc/1?json={"user":"kimchy","postDate":"1604045249843","message":"trying out Elasticsearch"} {}
[2020-10-30 16:07:30,000] [INFO] [com.akuk.dt.cache.ElasticSearchLowLevelRestClient$] [] [main] - 
	 ## ElasticSearchLowLevelRestClient.putIndexData.responseResult
 host=http://121.36.247.106:9200,statusCode=200,headers=[Ljava.lang.String;@7ca20101,responseBody={"_index":"posts","_type":"_doc","_id":"1","_version":3,"result":"updated","_shards":{"total":2,"successful":1,"failed":0},"_seq_no":3,"_primary_term":1} {}
[2020-10-30 16:10:17,243] [INFO] [com.akuk.dt.cache.ElasticSearchLowLevelRestClient$] [] [main] - {"user":"kimchy","postDate":"1604045417238","message":"trying out Elasticsearch"} {}
[2020-10-30 16:10:17,246] [INFO] [com.akuk.dt.cache.ElasticSearchLowLevelRestClient$] [] [main] - 
 ## ElasticSearchLowLevelRestClient.putIndexData.requestParam
 posts/_doc/1?json={"user":"kimchy","postDate":"1604045417238","message":"trying out Elasticsearch"} {}
[2020-10-30 16:10:17,443] [INFO] [com.akuk.dt.cache.ElasticSearchLowLevelRestClient$] [] [main] - 
 ## ElasticSearchLowLevelRestClient.putIndexData.responseResult
 host=http://121.36.247.106:9200,statusCode=200,headers=[Ljava.lang.String;@71812481,responseBody={"_index":"posts","_type":"_doc","_id":"1","_version":4,"result":"updated","_shards":{"total":2,"successful":1,"failed":0},"_seq_no":4,"_primary_term":1} {}
[2020-10-30 16:11:03,157] [INFO] [com.akuk.dt.cache.ElasticSearchLowLevelRestClient$] [] [main] - {"user":"kimchy","postDate":"1604045463154","message":"trying out Elasticsearch"} {}
[2020-10-30 16:11:03,158] [INFO] [com.akuk.dt.cache.ElasticSearchLowLevelRestClient$] [] [main] - 
 ## ElasticSearchLowLevelRestClient.putIndexData.requestParam
 posts/_doc/1?json={"user":"kimchy","postDate":"1604045463154","message":"trying out Elasticsearch"} {}
[2020-10-30 16:11:03,333] [INFO] [com.akuk.dt.cache.ElasticSearchLowLevelRestClient$] [] [main] - 
 ## ElasticSearchLowLevelRestClient.putIndexData.responseResult
 host=http://121.36.247.106:9200,statusCode=200,headers=[Ljava.lang.String;@16ce702d,responseBody={"_index":"posts","_type":"_doc","_id":"1","_version":5,"result":"updated","_shards":{"total":2,"successful":1,"failed":0},"_seq_no":5,"_primary_term":1} {}
[2020-10-30 16:14:46,642] [INFO] [com.akuk.dt.cache.ElasticSearchLowLevelRestClient$] [] [main] - {"user":"kimchy","postDate":"1604045686638","message":"trying out Elasticsearch"} {}
[2020-10-30 16:14:46,644] [INFO] [com.akuk.dt.cache.ElasticSearchLowLevelRestClient$] [] [main] - 
 ## ElasticSearchLowLevelRestClient.putIndexData.requestParam
 posts/_doc/1?json={"user":"kimchy","postDate":"1604045686638","message":"trying out Elasticsearch"} {}
[2020-10-30 16:14:46,791] [INFO] [com.akuk.dt.cache.ElasticSearchLowLevelRestClient$] [] [main] - 
 ## ElasticSearchLowLevelRestClient.putIndexData.responseResult
 host=http://121.36.247.106:9200,statusCode=200,headers=content-type:application/json; charset=UTF-8,content-length:153,responseBody={"_index":"posts","_type":"_doc","_id":"1","_version":6,"result":"updated","_shards":{"total":2,"successful":1,"failed":0},"_seq_no":6,"_primary_term":1} {}
[2020-10-30 16:20:21,321] [INFO] [com.akuk.dt.cache.ElasticSearchLowLevelRestClient$] [] [main] - {"user":"kimchy","postDate":"1604046021318","message":"trying out Elasticsearch"} {}
[2020-10-30 16:20:21,324] [INFO] [com.akuk.dt.cache.ElasticSearchLowLevelRestClient$] [] [main] - 
 ## ElasticSearchLowLevelRestClient.putIndexData.requestParam
 posts2/_doc/1?json={"user":"kimchy","postDate":"1604046021318","message":"trying out Elasticsearch"} {}
[2020-10-30 16:20:21,812] [INFO] [com.akuk.dt.cache.ElasticSearchLowLevelRestClient$] [] [main] - 
 ## ElasticSearchLowLevelRestClient.putIndexData.responseResult
 host=http://121.36.247.106:9200,statusCode=201,headers=Location:/posts2/_doc/1,content-type:application/json; charset=UTF-8,content-length:154,responseBody={"_index":"posts2","_type":"_doc","_id":"1","_version":1,"result":"created","_shards":{"total":2,"successful":1,"failed":0},"_seq_no":0,"_primary_term":1} {}
[2020-10-30 16:23:41,055] [INFO] [com.akuk.dt.cache.ElasticSearchLowLevelRestClient$] [] [main] - {"user":"kimchy","postDate":"1604046221052","message":"trying out Elasticsearch"} {}
[2020-10-30 16:23:41,058] [INFO] [com.akuk.dt.cache.ElasticSearchLowLevelRestClient$] [] [main] - 
 ## ElasticSearchLowLevelRestClient.putIndexData.requestParam
 posts2/_doc/?json={"user":"kimchy","postDate":"1604046221052","message":"trying out Elasticsearch"} {}
[2020-10-30 16:29:13,517] [INFO] [com.akuk.dt.cache.ElasticSearchLowLevelRestClient$] [] [main] - {"id":"1","user":"kimchy","postDate":"1604046553513","message":"trying out Elasticsearch"} {}
[2020-10-30 16:29:13,520] [INFO] [com.akuk.dt.cache.ElasticSearchLowLevelRestClient$] [] [main] - 
 ## ElasticSearchLowLevelRestClient.putIndexData.requestParam
 /posts3/_doc/?json={"id":"1","user":"kimchy","postDate":"1604046553513","message":"trying out Elasticsearch"} {}
[2020-10-30 16:31:35,335] [INFO] [com.akuk.dt.cache.ElasticSearchLowLevelRestClient$] [] [main] - {"id":"1","user":"kimchy","postDate":"1604046695330","message":"trying out Elasticsearch"} {}
[2020-10-30 16:31:35,338] [INFO] [com.akuk.dt.cache.ElasticSearchLowLevelRestClient$] [] [main] - 
 ## ElasticSearchLowLevelRestClient.putIndexData.requestParam
 method=PUT, /posts3/_doc/?json={"id":"1","user":"kimchy","postDate":"1604046695330","message":"trying out Elasticsearch"} {}
[2020-10-30 16:32:04,192] [INFO] [com.akuk.dt.cache.ElasticSearchLowLevelRestClient$] [] [main] - {"id":"1","user":"kimchy","postDate":"1604046724187","message":"trying out Elasticsearch"} {}
[2020-10-30 16:32:26,618] [INFO] [com.akuk.dt.cache.ElasticSearchLowLevelRestClient$] [] [main] - 
 ## ElasticSearchLowLevelRestClient.putIndexData.requestParam
 method=PUT, /posts3/_doc/?json={"id":"1","user":"kimchy","postDate":"1604046724187","message":"trying out Elasticsearch"} {}
[2020-10-30 16:33:49,342] [INFO] [com.akuk.dt.cache.ElasticSearchLowLevelRestClient$] [] [main] - {"id":"1","user":"kimchy","postDate":"1604046829336","message":"trying out Elasticsearch"} {}
[2020-10-30 16:34:02,645] [INFO] [com.akuk.dt.cache.ElasticSearchLowLevelRestClient$] [] [main] - 
 ## ElasticSearchLowLevelRestClient.putIndexData.requestParam
 method=POST, /posts3/_doc?json={"id":"1","user":"kimchy","postDate":"1604046829336","message":"trying out Elasticsearch"} {}
[2020-10-30 16:34:03,041] [INFO] [com.akuk.dt.cache.ElasticSearchLowLevelRestClient$] [] [main] - 
 ## ElasticSearchLowLevelRestClient.putIndexData.responseResult
 host=http://121.36.247.106:9200,statusCode=201,headers=Location:/posts3/_doc/piqkeHUBaK3k3SLnbA5U,content-type:application/json; charset=UTF-8,content-length:173,responseBody={"_index":"posts3","_type":"_doc","_id":"piqkeHUBaK3k3SLnbA5U","_version":1,"result":"created","_shards":{"total":2,"successful":1,"failed":0},"_seq_no":0,"_primary_term":1} {}
[2020-10-30 16:38:35,280] [INFO] [com.akuk.dt.cache.ElasticSearchLowLevelRestClient$] [] [main] - {"id":"1","user":"kimchy","postDate":"1604047115276","message":"trying out Elasticsearch"} {}
[2020-10-30 16:38:35,282] [INFO] [com.akuk.dt.cache.ElasticSearchLowLevelRestClient$] [] [main] - 
 ## ElasticSearchLowLevelRestClient.putIndexData.requestParam
 method=POST, /posts3/_doc?json={"id":"1","user":"kimchy","postDate":"1604047115276","message":"trying out Elasticsearch"} {}
[2020-10-30 16:38:35,435] [INFO] [com.akuk.dt.cache.ElasticSearchLowLevelRestClient$] [] [main] - 
 ## ElasticSearchLowLevelRestClient.putIndexData.responseResult
 host=http://121.36.247.106:9200,statusCode=201,headers=Location:/posts3/_doc/pyqoeHUBaK3k3SLnlA6n,content-type:application/json; charset=UTF-8,content-length:173,responseBody={"_index":"posts3","_type":"_doc","_id":"pyqoeHUBaK3k3SLnlA6n","_version":1,"result":"created","_shards":{"total":2,"successful":1,"failed":0},"_seq_no":1,"_primary_term":1} {}
[2020-10-30 16:38:43,829] [INFO] [com.akuk.dt.cache.ElasticSearchLowLevelRestClient$] [] [main] - {"id":"1","user":"kimchy","postDate":"1604047123826","message":"trying out Elasticsearch"} {}
[2020-10-30 16:38:43,831] [INFO] [com.akuk.dt.cache.ElasticSearchLowLevelRestClient$] [] [main] - 
 ## ElasticSearchLowLevelRestClient.putIndexData.requestParam
 method=POST, /posts3/_doc?json={"id":"1","user":"kimchy","postDate":"1604047123826","message":"trying out Elasticsearch"} {}
[2020-10-30 16:39:35,212] [INFO] [com.akuk.dt.cache.ElasticSearchLowLevelRestClient$] [] [main] - 
 ## ElasticSearchLowLevelRestClient.putIndexData.responseResult
 host=http://121.36.247.106:9200,statusCode=201,headers=Location:/posts3/_doc/qCqpeHUBaK3k3SLnfg4W,content-type:application/json; charset=UTF-8,content-length:173,responseBody={"_index":"posts3","_type":"_doc","_id":"qCqpeHUBaK3k3SLnfg4W","_version":1,"result":"created","_shards":{"total":2,"successful":1,"failed":0},"_seq_no":2,"_primary_term":1} {}
[2020-10-30 16:42:35,304] [INFO] [com.akuk.dt.cache.ElasticSearchLowLevelRestClient$] [] [main] - {"id":"3","user":"kimchy","postDate":"1604047355300","message":"trying out Elasticsearch"} {}
[2020-10-30 16:42:35,307] [INFO] [com.akuk.dt.cache.ElasticSearchLowLevelRestClient$] [] [main] - 
 ## ElasticSearchLowLevelRestClient.putIndexData.requestParam
 method=PUT, /posts3/_doc/3?json={"id":"3","user":"kimchy","postDate":"1604047355300","message":"trying out Elasticsearch"} {}
[2020-10-30 16:42:35,475] [INFO] [com.akuk.dt.cache.ElasticSearchLowLevelRestClient$] [] [main] - 
 ## ElasticSearchLowLevelRestClient.putIndexData.responseResult
 host=http://121.36.247.106:9200,statusCode=201,headers=Location:/posts3/_doc/3,content-type:application/json; charset=UTF-8,content-length:154,responseBody={"_index":"posts3","_type":"_doc","_id":"3","_version":1,"result":"created","_shards":{"total":2,"successful":1,"failed":0},"_seq_no":3,"_primary_term":1} {}
[2020-10-30 16:46:15,098] [INFO] [com.akuk.dt.cache.ElasticSearchLowLevelRestClient$] [] [main] - 
 ## ElasticSearchLowLevelRestClient.getIndexData.requestParam
 posts3/_doc/3?json= {}
[2020-10-30 16:46:15,245] [INFO] [com.akuk.dt.cache.ElasticSearchLowLevelRestClient$] [] [main] - 
 ## ElasticSearchLowLevelRestClient.getIndexData.responseResult
 host=http://121.36.247.106:9200,statusCode=200,headers=content-type:application/json; charset=UTF-8,content-length:274,responseBody={
  "_index" : "posts3",
  "_type" : "_doc",
  "_id" : "3",
  "_version" : 1,
  "_seq_no" : 3,
  "_primary_term" : 1,
  "found" : true,
  "_source" : {
    "id" : "3",
    "user" : "kimchy",
    "postDate" : "1604047355300",
    "message" : "trying out Elasticsearch"
  }
}
 {}
[2020-10-30 16:47:12,808] [INFO] [com.akuk.dt.cache.ElasticSearchLowLevelRestClient$] [] [main] - 
 ## ElasticSearchLowLevelRestClient.getIndexData.requestParam
                | posts3/_doc/_search?json= {}
[2020-10-30 16:47:13,124] [INFO] [com.akuk.dt.cache.ElasticSearchLowLevelRestClient$] [] [main] - 
 ## ElasticSearchLowLevelRestClient.getIndexData.responseResult
         | host=http://121.36.247.106:9200,statusCode=200,headers=Warning:299 Elasticsearch-7.9.0-a479a2a7fce0389512d6a9361301708b92dff667 "[types removal] Specifying types in search requests is deprecated.",content-type:application/json; charset=UTF-8,content-length:1476,responseBody={
  "took" : 1,
  "timed_out" : false,
  "_shards" : {
    "total" : 1,
    "successful" : 1,
    "skipped" : 0,
    "failed" : 0
  },
  "hits" : {
    "total" : {
      "value" : 4,
      "relation" : "eq"
    },
    "max_score" : 1.0,
    "hits" : [
      {
        "_index" : "posts3",
        "_type" : "_doc",
        "_id" : "piqkeHUBaK3k3SLnbA5U",
        "_score" : 1.0,
        "_source" : {
          "id" : "1",
          "user" : "kimchy",
          "postDate" : "1604046829336",
          "message" : "trying out Elasticsearch"
        }
      },
      {
        "_index" : "posts3",
        "_type" : "_doc",
        "_id" : "pyqoeHUBaK3k3SLnlA6n",
        "_score" : 1.0,
        "_source" : {
          "id" : "1",
          "user" : "kimchy",
          "postDate" : "1604047115276",
          "message" : "trying out Elasticsearch"
        }
      },
      {
        "_index" : "posts3",
        "_type" : "_doc",
        "_id" : "qCqpeHUBaK3k3SLnfg4W",
        "_score" : 1.0,
        "_source" : {
          "id" : "1",
          "user" : "kimchy",
          "postDate" : "1604047123826",
          "message" : "trying out Elasticsearch"
        }
      },
      {
        "_index" : "posts3",
        "_type" : "_doc",
        "_id" : "3",
        "_score" : 1.0,
        "_source" : {
          "id" : "3",
          "user" : "kimchy",
          "postDate" : "1604047355300",
          "message" : "trying out Elasticsearch"
        }
      }
    ]
  }
}
 {}
[2020-10-30 16:56:45,530] [INFO] [com.akuk.dt.cache.ElasticSearchLowLevelRestClient$] [] [main] - 
 ## ElasticSearchLowLevelRestClient.putIndexData.requestParam
 /posts3/_doc/3?json= {}
[2020-10-30 16:56:45,763] [INFO] [com.akuk.dt.cache.ElasticSearchLowLevelRestClient$] [] [main] - 
 ## ElasticSearchLowLevelRestClient.putIndexData.responseResult
 host=http://121.36.247.106:9200,statusCode=200,headers=content-type:application/json; charset=UTF-8,content-length:154,responseBody={"_index":"posts3","_type":"_doc","_id":"3","_version":2,"result":"deleted","_shards":{"total":2,"successful":1,"failed":0},"_seq_no":4,"_primary_term":1} {}
[2020-10-30 16:57:08,472] [INFO] [com.akuk.dt.cache.ElasticSearchLowLevelRestClient$] [] [main] - 
 ## ElasticSearchLowLevelRestClient.putIndexData.requestParam
 /posts3/_doc?json= {}
[2020-10-30 16:59:07,573] [INFO] [com.akuk.dt.cache.ElasticSearchLowLevelRestClient$] [] [main] - 
 ## ElasticSearchLowLevelRestClient.putIndexData.requestParam
 /posts3/*?json= {}
[2020-10-30 17:01:45,587] [INFO] [com.akuk.dt.cache.ElasticSearchLowLevelRestClient$] [] [main] - 
 ## ElasticSearchLowLevelRestClient.putIndexData.requestParam
 /posts3?json= {}
[2020-10-30 17:01:45,963] [INFO] [com.akuk.dt.cache.ElasticSearchLowLevelRestClient$] [] [main] - 
 ## ElasticSearchLowLevelRestClient.putIndexData.responseResult
 host=http://121.36.247.106:9200,statusCode=200,headers=content-type:application/json; charset=UTF-8,content-length:21,responseBody={"acknowledged":true} {}
